{"level":"error","message":"Error creating raiting for user 8b2010b3-1b5f-4e14-a740-b5e6c4a35220: TypeError: Converting circular structure to JSON\n    --> starting at object with constructor 'ClientRequest'\n    |     property 'res' -> object with constructor 'IncomingMessage'\n    --- property 'req' closes the circle"}
{"level":"error","message":"Error creating user: Error: Error creating raiting for user 8b2010b3-1b5f-4e14-a740-b5e6c4a35220: TypeError: Converting circular structure to JSON\n    --> starting at object with constructor 'ClientRequest'\n    |     property 'res' -> object with constructor 'IncomingMessage'\n    --- property 'req' closes the circle"}
{"level":"error","message":"Error creating user: Error: Error creating user: Error: Error creating raiting for user 8b2010b3-1b5f-4e14-a740-b5e6c4a35220: TypeError: Converting circular structure to JSON\n    --> starting at object with constructor 'ClientRequest'\n    |     property 'res' -> object with constructor 'IncomingMessage'\n    --- property 'req' closes the circle"}
{"level":"info","message":"MongoDB connected successfully."}
{"level":"info","message":"Connected to Redis successfully."}
{"level":"info","message":"Initializing background workers..."}
{"level":"info","message":"GameUpdateSqsWorker initialized for queue: https://sqs.ap-south-1.amazonaws.com/160885259409/GAME-DB-EVENT-SQS"}
{"level":"info","message":"Starting SQS worker..."}
{"level":"info","message":"Server running at http://localhost:3000"}
{"level":"info","message":"MongoDB connected successfully."}
{"level":"info","message":"Connected to Redis successfully."}
{"level":"info","message":"Initializing background workers..."}
{"level":"info","message":"GameUpdateSqsWorker initialized for queue: https://sqs.ap-south-1.amazonaws.com/160885259409/GAME-DB-EVENT-SQS"}
{"level":"info","message":"Starting SQS worker..."}
{"level":"info","message":"Server running at http://localhost:3000"}
{"level":"info","message":"MongoDB connected successfully."}
{"level":"info","message":"Connected to Redis successfully."}
{"level":"info","message":"Initializing background workers..."}
{"level":"info","message":"GameUpdateSqsWorker initialized for queue: https://sqs.ap-south-1.amazonaws.com/160885259409/GAME-DB-EVENT-SQS"}
{"level":"info","message":"Starting SQS worker..."}
{"level":"info","message":"Server running at http://localhost:3000"}
{"level":"error","message":"Error creating raiting for user 7dd998a9-d519-4ad9-9e25-a200ebb2ef99: TypeError: Converting circular structure to JSON\n    --> starting at object with constructor 'ClientRequest'\n    |     property 'res' -> object with constructor 'IncomingMessage'\n    --- property 'req' closes the circle"}
{"level":"error","message":"Error creating user: Error: Error creating raiting for user 7dd998a9-d519-4ad9-9e25-a200ebb2ef99: TypeError: Converting circular structure to JSON\n    --> starting at object with constructor 'ClientRequest'\n    |     property 'res' -> object with constructor 'IncomingMessage'\n    --- property 'req' closes the circle"}
{"level":"error","message":"Error creating user: Error: Error creating user: Error: Error creating raiting for user 7dd998a9-d519-4ad9-9e25-a200ebb2ef99: TypeError: Converting circular structure to JSON\n    --> starting at object with constructor 'ClientRequest'\n    |     property 'res' -> object with constructor 'IncomingMessage'\n    --- property 'req' closes the circle"}
{"level":"info","message":"MongoDB connected successfully."}
{"level":"info","message":"Connected to Redis successfully."}
{"level":"info","message":"Initializing background workers..."}
{"level":"info","message":"GameUpdateSqsWorker initialized for queue: https://sqs.ap-south-1.amazonaws.com/160885259409/GAME-DB-EVENT-SQS"}
{"level":"info","message":"Starting SQS worker..."}
{"level":"info","message":"Server running at http://localhost:3000"}
{"level":"error","message":"Error fetching chess.com player stats: TypeError: Converting circular structure to JSON\n    --> starting at object with constructor 'ClientRequest'\n    |     property 'res' -> object with constructor 'IncomingMessage'\n    --- property 'req' closes the circle"}
{"level":"info","message":"MongoDB connected successfully."}
{"level":"info","message":"Connected to Redis successfully."}
{"level":"info","message":"Initializing background workers..."}
{"level":"info","message":"GameUpdateSqsWorker initialized for queue: https://sqs.ap-south-1.amazonaws.com/160885259409/GAME-DB-EVENT-SQS"}
{"level":"info","message":"Starting SQS worker..."}
{"level":"info","message":"Server running at http://localhost:3000"}
{"level":"error","message":"Error creating raiting for user 620dc8ed-ea3e-4b64-8f0e-77f5b428a268: TypeError: Converting circular structure to JSON\n    --> starting at object with constructor 'ClientRequest'\n    |     property 'res' -> object with constructor 'IncomingMessage'\n    --- property 'req' closes the circle"}
{"level":"error","message":"Error creating user: Error: Error creating raiting for user 620dc8ed-ea3e-4b64-8f0e-77f5b428a268: TypeError: Converting circular structure to JSON\n    --> starting at object with constructor 'ClientRequest'\n    |     property 'res' -> object with constructor 'IncomingMessage'\n    --- property 'req' closes the circle"}
{"level":"error","message":"Error creating user: Error: Error creating user: Error: Error creating raiting for user 620dc8ed-ea3e-4b64-8f0e-77f5b428a268: TypeError: Converting circular structure to JSON\n    --> starting at object with constructor 'ClientRequest'\n    |     property 'res' -> object with constructor 'IncomingMessage'\n    --- property 'req' closes the circle"}
{"level":"info","message":"MongoDB connected successfully."}
{"level":"info","message":"Connected to Redis successfully."}
{"level":"info","message":"Initializing background workers..."}
{"level":"info","message":"GameUpdateSqsWorker initialized for queue: https://sqs.ap-south-1.amazonaws.com/160885259409/GAME-DB-EVENT-SQS"}
{"level":"info","message":"Starting SQS worker..."}
{"level":"info","message":"Server running at http://localhost:3000"}
{"level":"info","message":"MongoDB connected successfully."}
{"level":"info","message":"Connected to Redis successfully."}
{"level":"info","message":"Initializing background workers..."}
{"level":"info","message":"GameUpdateSqsWorker initialized for queue: https://sqs.ap-south-1.amazonaws.com/160885259409/GAME-DB-EVENT-SQS"}
{"level":"info","message":"Starting SQS worker..."}
{"level":"info","message":"Server running at http://localhost:3000"}
{"level":"info","message":"MongoDB connected successfully."}
{"level":"info","message":"Connected to Redis successfully."}
{"level":"info","message":"Initializing background workers..."}
{"level":"info","message":"GameUpdateSqsWorker initialized for queue: https://sqs.ap-south-1.amazonaws.com/160885259409/GAME-DB-EVENT-SQS"}
{"level":"info","message":"Starting SQS worker..."}
{"level":"info","message":"Server running at http://localhost:3000"}
{"level":"error","message":"Error fetching chess.com player stats: TypeError: Converting circular structure to JSON\n    --> starting at object with constructor 'ClientRequest'\n    |     property 'res' -> object with constructor 'IncomingMessage'\n    --- property 'req' closes the circle"}
{"level":"error","message":"Error creating user: MongoServerError: E11000 duplicate key error collection: test.users index: username_1 dup key: { username: \"mab_07\" }"}
{"level":"error","message":"Error creating user: Error: Error creating user: MongoServerError: E11000 duplicate key error collection: test.users index: username_1 dup key: { username: \"mab_07\" }"}
{"level":"info","message":"MongoDB connected successfully."}
{"level":"info","message":"Connected to Redis successfully."}
{"level":"info","message":"Initializing background workers..."}
{"level":"info","message":"GameUpdateSqsWorker initialized for queue: https://sqs.ap-south-1.amazonaws.com/160885259409/GAME-DB-EVENT-SQS"}
{"level":"info","message":"Starting SQS worker..."}
{"level":"info","message":"Server running at http://localhost:3000"}
{"level":"error","message":"Error fetching chess.com player stats: TypeError: Converting circular structure to JSON\n    --> starting at object with constructor 'ClientRequest'\n    |     property 'res' -> object with constructor 'IncomingMessage'\n    --- property 'req' closes the circle"}
{"level":"info","message":"MongoDB connected successfully."}
{"level":"info","message":"Connected to Redis successfully."}
{"level":"info","message":"Initializing background workers..."}
{"level":"info","message":"GameUpdateSqsWorker initialized for queue: https://sqs.ap-south-1.amazonaws.com/160885259409/GAME-DB-EVENT-SQS"}
{"level":"info","message":"Starting SQS worker..."}
{"level":"info","message":"Server running at http://localhost:3000"}
{"level":"info","message":"MongoDB connected successfully."}
{"level":"info","message":"Connected to Redis successfully."}
{"level":"info","message":"Initializing background workers..."}
{"level":"info","message":"GameUpdateSqsWorker initialized for queue: https://sqs.ap-south-1.amazonaws.com/160885259409/GAME-DB-EVENT-SQS"}
{"level":"info","message":"Starting SQS worker..."}
{"level":"info","message":"Server running at http://localhost:3000"}
{"level":"error","message":"Error creating raiting for user c1c22b94-93f9-44b3-8e61-803446825356: TypeError: Converting circular structure to JSON\n    --> starting at object with constructor 'ClientRequest'\n    |     property 'res' -> object with constructor 'IncomingMessage'\n    --- property 'req' closes the circle"}
{"level":"error","message":"Error creating user: Error: Error creating raiting for user c1c22b94-93f9-44b3-8e61-803446825356: TypeError: Converting circular structure to JSON\n    --> starting at object with constructor 'ClientRequest'\n    |     property 'res' -> object with constructor 'IncomingMessage'\n    --- property 'req' closes the circle"}
{"level":"error","message":"Error creating user: Error: Error creating user: Error: Error creating raiting for user c1c22b94-93f9-44b3-8e61-803446825356: TypeError: Converting circular structure to JSON\n    --> starting at object with constructor 'ClientRequest'\n    |     property 'res' -> object with constructor 'IncomingMessage'\n    --- property 'req' closes the circle"}
{"level":"info","message":"MongoDB connected successfully."}
{"level":"info","message":"Connected to Redis successfully."}
{"level":"info","message":"Initializing background workers..."}
{"level":"info","message":"GameUpdateSqsWorker initialized for queue: https://sqs.ap-south-1.amazonaws.com/160885259409/GAME-DB-EVENT-SQS"}
{"level":"info","message":"Starting SQS worker..."}
{"level":"info","message":"Server running at http://localhost:3000"}
{"level":"info","message":"MongoDB connected successfully."}
{"level":"info","message":"Connected to Redis successfully."}
{"level":"info","message":"Initializing background workers..."}
{"level":"info","message":"GameUpdateSqsWorker initialized for queue: https://sqs.ap-south-1.amazonaws.com/160885259409/GAME-DB-EVENT-SQS"}
{"level":"info","message":"Starting SQS worker..."}
{"level":"info","message":"Server running at http://localhost:3000"}
{"level":"info","message":"MongoDB connected successfully."}
{"level":"info","message":"Connected to Redis successfully."}
{"level":"info","message":"Initializing background workers..."}
{"level":"info","message":"GameUpdateSqsWorker initialized for queue: https://sqs.ap-south-1.amazonaws.com/160885259409/GAME-DB-EVENT-SQS"}
{"level":"info","message":"Starting SQS worker..."}
{"level":"info","message":"Server running at http://localhost:3000"}
{"level":"info","message":"MongoDB connected successfully."}
{"level":"info","message":"Connected to Redis successfully."}
{"level":"info","message":"Initializing background workers..."}
{"level":"info","message":"GameUpdateSqsWorker initialized for queue: https://sqs.ap-south-1.amazonaws.com/160885259409/GAME-DB-EVENT-SQS"}
{"level":"info","message":"Starting SQS worker..."}
{"level":"info","message":"Server running at http://localhost:3000"}
{"level":"info","message":"MongoDB connected successfully."}
{"level":"info","message":"Connected to Redis successfully."}
{"level":"info","message":"Initializing background workers..."}
{"level":"info","message":"GameUpdateSqsWorker initialized for queue: https://sqs.ap-south-1.amazonaws.com/160885259409/GAME-DB-EVENT-SQS"}
{"level":"info","message":"Starting SQS worker..."}
{"level":"info","message":"Server running at http://localhost:3000"}
{"level":"info","message":"MongoDB connected successfully."}
{"level":"info","message":"Connected to Redis successfully."}
{"level":"info","message":"Initializing background workers..."}
{"level":"info","message":"GameUpdateSqsWorker initialized for queue: https://sqs.ap-south-1.amazonaws.com/160885259409/GAME-DB-EVENT-SQS"}
{"level":"info","message":"Starting SQS worker..."}
{"level":"info","message":"Server running at http://localhost:3000"}
{"level":"error","message":"Error fetching chess.com player stats: Error: Yo YO"}
{"level":"info","message":"MongoDB connected successfully."}
{"level":"info","message":"Connected to Redis successfully."}
{"level":"info","message":"Initializing background workers..."}
{"level":"info","message":"GameUpdateSqsWorker initialized for queue: https://sqs.ap-south-1.amazonaws.com/160885259409/GAME-DB-EVENT-SQS"}
{"level":"info","message":"Starting SQS worker..."}
{"level":"info","message":"Server running at http://localhost:3000"}
{"level":"info","message":"MongoDB connected successfully."}
{"level":"info","message":"Connected to Redis successfully."}
{"level":"info","message":"Initializing background workers..."}
{"level":"info","message":"GameUpdateSqsWorker initialized for queue: https://sqs.ap-south-1.amazonaws.com/160885259409/GAME-DB-EVENT-SQS"}
{"level":"info","message":"Starting SQS worker..."}
{"level":"info","message":"Server running at http://localhost:3000"}
{"level":"error","message":"Error creating raiting for user 5452ae99-36da-4a45-875e-5902a9d4c287: ValidationError: bullet: Path `bullet` is required., rapid: Path `rapid` is required., blitz: Path `blitz` is required."}
{"level":"error","message":"Error creating user: Error: Error creating raiting for user 5452ae99-36da-4a45-875e-5902a9d4c287: ValidationError: bullet: Path `bullet` is required., rapid: Path `rapid` is required., blitz: Path `blitz` is required."}
{"level":"error","message":"Error creating user: Error: Error creating user: Error: Error creating raiting for user 5452ae99-36da-4a45-875e-5902a9d4c287: ValidationError: bullet: Path `bullet` is required., rapid: Path `rapid` is required., blitz: Path `blitz` is required."}
{"level":"info","message":"MongoDB connected successfully."}
{"level":"info","message":"Connected to Redis successfully."}
{"level":"info","message":"Initializing background workers..."}
{"level":"info","message":"GameUpdateSqsWorker initialized for queue: https://sqs.ap-south-1.amazonaws.com/160885259409/GAME-DB-EVENT-SQS"}
{"level":"info","message":"Starting SQS worker..."}
{"level":"info","message":"Server running at http://localhost:3000"}
{"level":"info","message":"MongoDB connected successfully."}
{"level":"info","message":"Connected to Redis successfully."}
{"level":"info","message":"Initializing background workers..."}
{"level":"info","message":"GameUpdateSqsWorker initialized for queue: https://sqs.ap-south-1.amazonaws.com/160885259409/GAME-DB-EVENT-SQS"}
{"level":"info","message":"Starting SQS worker..."}
{"level":"info","message":"Server running at http://localhost:3000"}
{"level":"info","message":"MongoDB connected successfully."}
{"level":"info","message":"Connected to Redis successfully."}
{"level":"info","message":"Initializing background workers..."}
{"level":"info","message":"GameUpdateSqsWorker initialized for queue: https://sqs.ap-south-1.amazonaws.com/160885259409/GAME-DB-EVENT-SQS"}
{"level":"info","message":"Starting SQS worker..."}
{"level":"info","message":"Server running at http://localhost:3000"}
{"level":"info","message":"MongoDB connected successfully."}
{"level":"info","message":"Connected to Redis successfully."}
{"level":"info","message":"Initializing background workers..."}
{"level":"info","message":"GameUpdateSqsWorker initialized for queue: https://sqs.ap-south-1.amazonaws.com/160885259409/GAME-DB-EVENT-SQS"}
{"level":"info","message":"Starting SQS worker..."}
{"level":"info","message":"Server running at http://localhost:3000"}
{"level":"info","message":"MongoDB connected successfully."}
{"level":"info","message":"Connected to Redis successfully."}
{"level":"info","message":"Initializing background workers..."}
{"level":"info","message":"GameUpdateSqsWorker initialized for queue: https://sqs.ap-south-1.amazonaws.com/160885259409/GAME-DB-EVENT-SQS"}
{"level":"info","message":"Starting SQS worker..."}
{"level":"info","message":"Server running at http://localhost:3000"}
{"level":"info","message":"MongoDB connected successfully."}
{"level":"info","message":"Connected to Redis successfully."}
{"level":"info","message":"Initializing background workers..."}
{"level":"info","message":"GameUpdateSqsWorker initialized for queue: https://sqs.ap-south-1.amazonaws.com/160885259409/GAME-DB-EVENT-SQS"}
{"level":"info","message":"Starting SQS worker..."}
{"level":"info","message":"Server running at http://localhost:3000"}
{"level":"info","message":"MongoDB connected successfully."}
{"level":"info","message":"Connected to Redis successfully."}
{"level":"info","message":"Initializing background workers..."}
{"level":"info","message":"GameUpdateSqsWorker initialized for queue: https://sqs.ap-south-1.amazonaws.com/160885259409/GAME-DB-EVENT-SQS"}
{"level":"info","message":"Starting SQS worker..."}
{"level":"info","message":"Server running at http://localhost:3000"}
{"level":"info","message":"MongoDB connected successfully."}
{"level":"info","message":"Connected to Redis successfully."}
{"level":"info","message":"Initializing background workers..."}
{"level":"info","message":"GameUpdateSqsWorker initialized for queue: https://sqs.ap-south-1.amazonaws.com/160885259409/GAME-DB-EVENT-SQS"}
{"level":"info","message":"Starting SQS worker..."}
{"level":"info","message":"Server running at http://localhost:3000"}
{"level":"info","message":"MongoDB connected successfully."}
{"level":"info","message":"Connected to Redis successfully."}
{"level":"info","message":"Initializing background workers..."}
{"level":"info","message":"GameUpdateSqsWorker initialized for queue: https://sqs.ap-south-1.amazonaws.com/160885259409/GAME-DB-EVENT-SQS"}
{"level":"info","message":"Starting SQS worker..."}
{"level":"info","message":"Server running at http://localhost:3000"}
{"level":"info","message":"MongoDB connected successfully."}
{"level":"info","message":"Connected to Redis successfully."}
{"level":"info","message":"Initializing background workers..."}
{"level":"info","message":"GameUpdateSqsWorker initialized for queue: https://sqs.ap-south-1.amazonaws.com/160885259409/GAME-DB-EVENT-SQS"}
{"level":"info","message":"Starting SQS worker..."}
{"level":"info","message":"Server running at http://localhost:3000"}
{"level":"info","message":"MongoDB connected successfully."}
{"level":"info","message":"Connected to Redis successfully."}
{"level":"info","message":"Initializing background workers..."}
{"level":"info","message":"GameUpdateSqsWorker initialized for queue: https://sqs.ap-south-1.amazonaws.com/160885259409/GAME-DB-EVENT-SQS"}
{"level":"info","message":"Starting SQS worker..."}
{"level":"info","message":"Server running at http://localhost:3000"}
{"level":"info","message":"MongoDB connected successfully."}
{"level":"info","message":"Connected to Redis successfully."}
{"level":"info","message":"Initializing background workers..."}
{"level":"info","message":"GameUpdateSqsWorker initialized for queue: https://sqs.ap-south-1.amazonaws.com/160885259409/GAME-DB-EVENT-SQS"}
{"level":"info","message":"Starting SQS worker..."}
{"level":"info","message":"Server running at http://localhost:3000"}
{"level":"info","message":"Received SIGINT. Shutting down gracefully..."}
{"level":"info","message":"HTTP server closed."}
{"level":"info","message":"Redis client disconnected."}
{"level":"info","message":"MongoDB connected successfully."}
{"level":"info","message":"Connected to Redis successfully."}
{"level":"info","message":"Initializing background workers..."}
{"level":"info","message":"GameUpdateSqsWorker initialized for queue: https://sqs.ap-south-1.amazonaws.com/160885259409/GAME-DB-EVENT-SQS"}
{"level":"info","message":"Starting SQS worker..."}
{"level":"info","message":"Server running at http://localhost:3000"}
{"level":"info","message":"MongoDB connected successfully."}
{"level":"info","message":"Connected to Redis successfully."}
{"level":"info","message":"Initializing background workers..."}
{"level":"info","message":"GameUpdateSqsWorker initialized for queue: https://sqs.ap-south-1.amazonaws.com/160885259409/GAME-DB-EVENT-SQS"}
{"level":"info","message":"Starting SQS worker..."}
{"level":"info","message":"Server running at http://localhost:3000"}
{"level":"info","message":"MongoDB connected successfully."}
{"level":"info","message":"Connected to Redis successfully."}
{"level":"info","message":"Initializing background workers..."}
{"level":"info","message":"GameUpdateSqsWorker initialized for queue: https://sqs.ap-south-1.amazonaws.com/160885259409/GAME-DB-EVENT-SQS"}
{"level":"info","message":"Starting SQS worker..."}
{"level":"info","message":"Server running at http://localhost:3000"}
{"level":"info","message":"MongoDB connected successfully."}
{"level":"info","message":"Connected to Redis successfully."}
{"level":"info","message":"Initializing background workers..."}
{"level":"info","message":"GameUpdateSqsWorker initialized for queue: https://sqs.ap-south-1.amazonaws.com/160885259409/GAME-DB-EVENT-SQS"}
{"level":"info","message":"Starting SQS worker..."}
{"level":"info","message":"Server running at http://localhost:3000"}
{"level":"info","message":"MongoDB connected successfully."}
{"level":"info","message":"Connected to Redis successfully."}
{"level":"info","message":"Initializing background workers..."}
{"level":"info","message":"GameUpdateSqsWorker initialized for queue: https://sqs.ap-south-1.amazonaws.com/160885259409/GAME-DB-EVENT-SQS"}
{"level":"info","message":"Starting SQS worker..."}
{"level":"info","message":"Server running at http://localhost:3000"}
{"level":"info","message":"MongoDB connected successfully."}
{"level":"info","message":"Connected to Redis successfully."}
{"level":"info","message":"Initializing background workers..."}
{"level":"info","message":"GameUpdateSqsWorker initialized for queue: https://sqs.ap-south-1.amazonaws.com/160885259409/GAME-DB-EVENT-SQS"}
{"level":"info","message":"Starting SQS worker..."}
{"level":"info","message":"Server running at http://localhost:3000"}
{"level":"info","message":"MongoDB connected successfully."}
{"level":"info","message":"Connected to Redis successfully."}
{"level":"info","message":"Initializing background workers..."}
{"level":"info","message":"GameUpdateSqsWorker initialized for queue: https://sqs.ap-south-1.amazonaws.com/160885259409/GAME-DB-EVENT-SQS"}
{"level":"info","message":"Starting SQS worker..."}
{"level":"info","message":"Server running at http://localhost:3000"}
{"level":"info","message":"MongoDB connected successfully."}
{"level":"info","message":"Connected to Redis successfully."}
{"level":"info","message":"Initializing background workers..."}
{"level":"info","message":"GameUpdateSqsWorker initialized for queue: https://sqs.ap-south-1.amazonaws.com/160885259409/GAME-DB-EVENT-SQS"}
{"level":"info","message":"Starting SQS worker..."}
{"level":"info","message":"Server running at http://localhost:3000"}
{"level":"info","message":"MongoDB connected successfully."}
{"level":"info","message":"Connected to Redis successfully."}
{"level":"info","message":"Initializing background workers..."}
{"level":"info","message":"GameUpdateSqsWorker initialized for queue: https://sqs.ap-south-1.amazonaws.com/160885259409/GAME-DB-EVENT-SQS"}
{"level":"info","message":"Starting SQS worker..."}
{"level":"info","message":"Server running at http://localhost:3000"}
{"level":"info","message":"MongoDB connected successfully."}
{"level":"info","message":"Connected to Redis successfully."}
{"level":"info","message":"Initializing background workers..."}
{"level":"info","message":"GameUpdateSqsWorker initialized for queue: https://sqs.ap-south-1.amazonaws.com/160885259409/GAME-DB-EVENT-SQS"}
{"level":"info","message":"Starting SQS worker..."}
{"level":"info","message":"Server running at http://localhost:3000"}
{"level":"info","message":"MongoDB connected successfully."}
{"level":"info","message":"Connected to Redis successfully."}
{"level":"info","message":"Initializing background workers..."}
{"level":"info","message":"GameUpdateSqsWorker initialized for queue: https://sqs.ap-south-1.amazonaws.com/160885259409/GAME-DB-EVENT-SQS"}
{"level":"info","message":"Starting SQS worker..."}
{"level":"info","message":"Server running at http://localhost:3000"}
{"level":"info","message":"MongoDB connected successfully."}
{"level":"info","message":"Connected to Redis successfully."}
{"level":"info","message":"Initializing background workers..."}
{"level":"info","message":"GameUpdateSqsWorker initialized for queue: https://sqs.ap-south-1.amazonaws.com/160885259409/GAME-DB-EVENT-SQS"}
{"level":"info","message":"Starting SQS worker..."}
{"level":"info","message":"Server running at http://localhost:3000"}
{"level":"info","message":"MongoDB connected successfully."}
{"level":"info","message":"Connected to Redis successfully."}
{"level":"info","message":"Initializing background workers..."}
{"level":"info","message":"GameUpdateSqsWorker initialized for queue: https://sqs.ap-south-1.amazonaws.com/160885259409/GAME-DB-EVENT-SQS"}
{"level":"info","message":"Starting SQS worker..."}
{"level":"info","message":"Server running at http://localhost:3000"}
{"level":"info","message":"MongoDB connected successfully."}
{"level":"info","message":"Connected to Redis successfully."}
{"level":"info","message":"Initializing background workers..."}
{"level":"info","message":"GameUpdateSqsWorker initialized for queue: https://sqs.ap-south-1.amazonaws.com/160885259409/GAME-DB-EVENT-SQS"}
{"level":"info","message":"Starting SQS worker..."}
{"level":"info","message":"Server running at http://localhost:3000"}
{"level":"info","message":"MongoDB connected successfully."}
{"level":"info","message":"Connected to Redis successfully."}
{"level":"info","message":"Initializing background workers..."}
{"level":"info","message":"GameUpdateSqsWorker initialized for queue: https://sqs.ap-south-1.amazonaws.com/160885259409/GAME-DB-EVENT-SQS"}
{"level":"info","message":"Starting SQS worker..."}
{"level":"info","message":"Server running at http://localhost:3000"}
{"level":"info","message":"MongoDB connected successfully."}
{"level":"info","message":"Connected to Redis successfully."}
{"level":"info","message":"Initializing background workers..."}
{"level":"info","message":"GameUpdateSqsWorker initialized for queue: https://sqs.ap-south-1.amazonaws.com/160885259409/GAME-DB-EVENT-SQS"}
{"level":"info","message":"Starting SQS worker..."}
{"level":"info","message":"Server running at http://localhost:3000"}
{"level":"info","message":"MongoDB connected successfully."}
{"level":"info","message":"Connected to Redis successfully."}
{"level":"info","message":"Initializing background workers..."}
{"level":"info","message":"GameUpdateSqsWorker initialized for queue: https://sqs.ap-south-1.amazonaws.com/160885259409/GAME-DB-EVENT-SQS"}
{"level":"info","message":"Starting SQS worker..."}
{"level":"info","message":"Server running at http://localhost:3000"}
{"level":"info","message":"MongoDB connected successfully."}
{"level":"info","message":"Connected to Redis successfully."}
{"level":"info","message":"Initializing background workers..."}
{"level":"info","message":"GameUpdateSqsWorker initialized for queue: https://sqs.ap-south-1.amazonaws.com/160885259409/GAME-DB-EVENT-SQS"}
{"level":"info","message":"Starting SQS worker..."}
{"level":"info","message":"Server running at http://localhost:3000"}
{"level":"info","message":"MongoDB connected successfully."}
{"level":"info","message":"Connected to Redis successfully."}
{"level":"info","message":"Initializing background workers..."}
{"level":"info","message":"GameUpdateSqsWorker initialized for queue: https://sqs.ap-south-1.amazonaws.com/160885259409/GAME-DB-EVENT-SQS"}
{"level":"info","message":"Starting SQS worker..."}
{"level":"info","message":"Server running at http://localhost:3000"}
{"level":"info","message":"MongoDB connected successfully."}
{"level":"info","message":"Connected to Redis successfully."}
{"level":"info","message":"Initializing background workers..."}
{"level":"info","message":"GameUpdateSqsWorker initialized for queue: https://sqs.ap-south-1.amazonaws.com/160885259409/GAME-DB-EVENT-SQS"}
{"level":"info","message":"Starting SQS worker..."}
{"level":"info","message":"Server running at http://localhost:3000"}
{"level":"info","message":"Received SIGINT. Shutting down gracefully..."}
{"level":"info","message":"HTTP server closed."}
{"level":"info","message":"Redis client disconnected."}
{"level":"info","message":"MongoDB connected successfully."}
{"level":"info","message":"Connected to Redis successfully."}
{"level":"info","message":"Initializing background workers..."}
{"level":"info","message":"GameUpdateSqsWorker initialized for queue: https://sqs.ap-south-1.amazonaws.com/160885259409/GAME-DB-EVENT-SQS"}
{"level":"info","message":"Starting SQS worker..."}
{"level":"info","message":"Server running at http://localhost:3000"}
{"level":"info","message":"Fetching user with ID: a5fb8423-aa05-4e6d-ad47-659b3b0df61a"}
{"level":"error","message":"Error fetching user details for user id a5fb8423-aa05-4e6d-ad47-659b3b0df61a: CastError: Cast to ObjectId failed for value \"{ user_id: 'a5fb8423-aa05-4e6d-ad47-659b3b0df61a' }\" (type Object) at path \"_id\" for model \"user\""}
{"level":"error","message":"Error fetching user details: Error: Error fetching user details for user id a5fb8423-aa05-4e6d-ad47-659b3b0df61a: CastError: Cast to ObjectId failed for value \"{ user_id: 'a5fb8423-aa05-4e6d-ad47-659b3b0df61a' }\" (type Object) at path \"_id\" for model \"user\""}
{"level":"info","message":"Fetching user with ID: a5fb8423-aa05-4e6d-ad47-659b3b0df61a"}
{"level":"error","message":"Error fetching user details for user id a5fb8423-aa05-4e6d-ad47-659b3b0df61a: CastError: Cast to ObjectId failed for value \"{ user_id: 'a5fb8423-aa05-4e6d-ad47-659b3b0df61a' }\" (type Object) at path \"_id\" for model \"user\""}
{"level":"error","message":"Error fetching user details: Error: Error fetching user details for user id a5fb8423-aa05-4e6d-ad47-659b3b0df61a: CastError: Cast to ObjectId failed for value \"{ user_id: 'a5fb8423-aa05-4e6d-ad47-659b3b0df61a' }\" (type Object) at path \"_id\" for model \"user\""}
{"level":"info","message":"Fetching user with ID: a5fb8423-aa05-4e6d-ad47-659b3b0df61a"}
{"level":"error","message":"Error fetching user details for user id a5fb8423-aa05-4e6d-ad47-659b3b0df61a: CastError: Cast to ObjectId failed for value \"{ user_id: 'a5fb8423-aa05-4e6d-ad47-659b3b0df61a' }\" (type Object) at path \"_id\" for model \"user\""}
{"level":"error","message":"Error fetching user details: Error: Error fetching user details for user id a5fb8423-aa05-4e6d-ad47-659b3b0df61a: CastError: Cast to ObjectId failed for value \"{ user_id: 'a5fb8423-aa05-4e6d-ad47-659b3b0df61a' }\" (type Object) at path \"_id\" for model \"user\""}
{"level":"info","message":"Fetching user with ID: a5fb8423-aa05-4e6d-ad47-659b3b0df61a"}
{"level":"error","message":"Error fetching user details for user id a5fb8423-aa05-4e6d-ad47-659b3b0df61a: CastError: Cast to ObjectId failed for value \"{ user_id: 'a5fb8423-aa05-4e6d-ad47-659b3b0df61a' }\" (type Object) at path \"_id\" for model \"user\""}
{"level":"error","message":"Error fetching user details: Error: Error fetching user details for user id a5fb8423-aa05-4e6d-ad47-659b3b0df61a: CastError: Cast to ObjectId failed for value \"{ user_id: 'a5fb8423-aa05-4e6d-ad47-659b3b0df61a' }\" (type Object) at path \"_id\" for model \"user\""}
{"level":"info","message":"MongoDB connected successfully."}
{"level":"info","message":"Connected to Redis successfully."}
{"level":"info","message":"Initializing background workers..."}
{"level":"info","message":"GameUpdateSqsWorker initialized for queue: https://sqs.ap-south-1.amazonaws.com/160885259409/GAME-DB-EVENT-SQS"}
{"level":"info","message":"Starting SQS worker..."}
{"level":"info","message":"Server running at http://localhost:3000"}
{"level":"info","message":"Fetching user with ID: a5fb8423-aa05-4e6d-ad47-659b3b0df61a"}
{"level":"error","message":"Error fetching user details for user id a5fb8423-aa05-4e6d-ad47-659b3b0df61a: CastError: Cast to ObjectId failed for value \"{ user_id: 'a5fb8423-aa05-4e6d-ad47-659b3b0df61a' }\" (type Object) at path \"_id\" for model \"user\""}
{"level":"error","message":"Error fetching user details: Error: Error fetching user details for user id a5fb8423-aa05-4e6d-ad47-659b3b0df61a: CastError: Cast to ObjectId failed for value \"{ user_id: 'a5fb8423-aa05-4e6d-ad47-659b3b0df61a' }\" (type Object) at path \"_id\" for model \"user\""}
{"level":"info","message":"MongoDB connected successfully."}
{"level":"info","message":"Connected to Redis successfully."}
{"level":"info","message":"Initializing background workers..."}
{"level":"info","message":"Server running at http://localhost:3000"}
{"level":"info","message":"MongoDB connected successfully."}
{"level":"info","message":"Connected to Redis successfully."}
{"level":"info","message":"Initializing background workers..."}
{"level":"info","message":"Server running at http://localhost:3000"}
{"level":"info","message":"MongoDB connected successfully."}
{"level":"info","message":"Connected to Redis successfully."}
{"level":"info","message":"Initializing background workers..."}
{"level":"info","message":"Server running at http://localhost:3000"}
{"level":"info","message":"MongoDB connected successfully."}
{"level":"info","message":"Connected to Redis successfully."}
{"level":"info","message":"Initializing background workers..."}
{"level":"info","message":"Server running at http://localhost:3000"}
{"level":"info","message":"MongoDB connected successfully."}
{"level":"info","message":"Connected to Redis successfully."}
{"level":"info","message":"Initializing background workers..."}
{"level":"info","message":"Server running at http://localhost:3000"}
{"level":"info","message":"Fetching user with ID: a5fb8423-aa05-4e6d-ad47-659b3b0df61a"}
{"level":"info","message":"MongoDB connected successfully."}
{"level":"info","message":"Connected to Redis successfully."}
{"level":"info","message":"Initializing background workers..."}
{"level":"info","message":"Server running at http://localhost:3000"}
{"level":"info","message":"MongoDB connected successfully."}
{"level":"info","message":"Connected to Redis successfully."}
{"level":"info","message":"Initializing background workers..."}
{"level":"info","message":"Server running at http://localhost:3000"}
{"level":"info","message":"MongoDB connected successfully."}
{"level":"info","message":"Connected to Redis successfully."}
{"level":"info","message":"Initializing background workers..."}
{"level":"info","message":"Server running at http://localhost:3000"}
{"level":"info","message":"Fetching user with ID: a5fb8423-aa05-4e6d-ad47-659b3b0df61a"}
{"level":"info","message":"MongoDB connected successfully."}
{"level":"info","message":"Connected to Redis successfully."}
{"level":"info","message":"Initializing background workers..."}
{"level":"info","message":"Server running at http://localhost:3000"}
{"level":"info","message":"MongoDB connected successfully."}
{"level":"info","message":"Connected to Redis successfully."}
{"level":"info","message":"Initializing background workers..."}
{"level":"info","message":"Server running at http://localhost:3000"}
{"level":"info","message":"MongoDB connected successfully."}
{"level":"info","message":"MongoDB connected successfully."}
{"level":"info","message":"Connected to Redis successfully."}
{"level":"info","message":"Initializing background workers..."}
{"level":"info","message":"Server running at http://localhost:3000"}
{"level":"info","message":"MongoDB connected successfully."}
{"level":"info","message":"Connected to Redis successfully."}
{"level":"info","message":"Initializing background workers..."}
{"level":"info","message":"Server running at http://localhost:3000"}
{"level":"info","message":"MongoDB connected successfully."}
{"level":"info","message":"Connected to Redis successfully."}
{"level":"info","message":"Initializing background workers..."}
{"level":"info","message":"Server running at http://localhost:3000"}
{"level":"info","message":"MongoDB connected successfully."}
{"level":"info","message":"Connected to Redis successfully."}
{"level":"info","message":"Initializing background workers..."}
{"level":"info","message":"Server running at http://localhost:3000"}
{"level":"info","message":"MongoDB connected successfully."}
{"level":"info","message":"Connected to Redis successfully."}
{"level":"info","message":"Initializing background workers..."}
{"level":"info","message":"Server running at http://localhost:3000"}
{"level":"info","message":"MongoDB connected successfully."}
{"level":"info","message":"Connected to Redis successfully."}
{"level":"info","message":"Initializing background workers..."}
{"level":"info","message":"Server running at http://localhost:3000"}
{"level":"info","message":"MongoDB connected successfully."}
{"level":"info","message":"Connected to Redis successfully."}
{"level":"info","message":"Initializing background workers..."}
{"level":"info","message":"Server running at http://localhost:3000"}
{"level":"info","message":"MongoDB connected successfully."}
{"level":"info","message":"Connected to Redis successfully."}
{"level":"info","message":"Initializing background workers..."}
{"level":"info","message":"Server running at http://localhost:3000"}
{"level":"info","message":"MongoDB connected successfully."}
{"level":"info","message":"Connected to Redis successfully."}
{"level":"info","message":"Initializing background workers..."}
{"level":"info","message":"Server running at http://localhost:3000"}
{"level":"info","message":"Received SIGINT. Shutting down gracefully..."}
{"level":"info","message":"HTTP server closed."}
{"level":"info","message":"Redis client disconnected."}
