{"level":"error","message":"Could not close connections in time, forcing shutdown."}
{"level":"error","message":"Could not close connections in time, forcing shutdown."}
{"code":"ETIMEDOUT","errno":-60,"level":"error","message":"Redis connection error: read ETIMEDOUT","stack":"Error: read ETIMEDOUT\n    at TCP.onStreamRead (node:internal/stream_base_commons:216:20)","syscall":"read"}
{"code":"ETIMEDOUT","errno":-60,"level":"error","message":"Redis connection error: read ETIMEDOUT","stack":"Error: read ETIMEDOUT\n    at TCP.onStreamRead (node:internal/stream_base_commons:216:20)","syscall":"read"}
{"error":{"$metadata":{"attempts":3,"totalRetryDelay":188},"code":"ETIMEDOUT","errno":-60,"name":"TimeoutError","syscall":"read"},"level":"error","message":"Error receiving messages from SQS:"}
{"code":"ETIMEDOUT","errno":-60,"level":"error","message":"Redis connection error: read ETIMEDOUT","stack":"Error: read ETIMEDOUT\n    at TCP.onStreamRead (node:internal/stream_base_commons:216:20)","syscall":"read"}
{"error":{"$metadata":{"attempts":3,"totalRetryDelay":148},"code":"ETIMEDOUT","errno":-60,"name":"TimeoutError","syscall":"read"},"level":"error","message":"Error receiving messages from SQS:"}
{"error":{"$metadata":{"attempts":3,"totalRetryDelay":192},"code":"ETIMEDOUT","errno":-60,"name":"TimeoutError","syscall":"read"},"level":"error","message":"Error receiving messages from SQS:"}
{"code":"ETIMEDOUT","errno":-60,"level":"error","message":"Redis connection error: read ETIMEDOUT","stack":"Error: read ETIMEDOUT\n    at TCP.onStreamRead (node:internal/stream_base_commons:216:20)","syscall":"read"}
{"code":"ETIMEDOUT","errno":-60,"level":"error","message":"Redis connection error: read ETIMEDOUT","stack":"Error: read ETIMEDOUT\n    at TCP.onStreamRead (node:internal/stream_base_commons:216:20)","syscall":"read"}
{"error":{"$metadata":{"attempts":3,"totalRetryDelay":26},"code":"ETIMEDOUT","errno":-60,"name":"TimeoutError","syscall":"read"},"level":"error","message":"Error receiving messages from SQS:"}
{"error":{"$metadata":{"attempts":3,"totalRetryDelay":253},"code":"ETIMEDOUT","errno":-60,"name":"TimeoutError","syscall":"read"},"level":"error","message":"Error receiving messages from SQS:"}
{"error":{"$metadata":{"attempts":3,"totalRetryDelay":45},"code":"ETIMEDOUT","errno":-60,"name":"TimeoutError","syscall":"read"},"level":"error","message":"Error receiving messages from SQS:"}
{"error":{"$metadata":{"attempts":3,"totalRetryDelay":88},"code":"ETIMEDOUT","errno":-60,"name":"TimeoutError","syscall":"read"},"level":"error","message":"Error receiving messages from SQS:"}
{"error":{"$metadata":{"attempts":3,"totalRetryDelay":92},"code":"ETIMEDOUT","errno":-60,"name":"TimeoutError","syscall":"read"},"level":"error","message":"Error receiving messages from SQS:"}
{"code":"ETIMEDOUT","errno":-60,"level":"error","message":"Redis connection error: read ETIMEDOUT","stack":"Error: read ETIMEDOUT\n    at TCP.onStreamRead (node:internal/stream_base_commons:216:20)","syscall":"read"}
{"error":{"$metadata":{"attempts":3,"totalRetryDelay":131},"code":"ETIMEDOUT","errno":-60,"name":"TimeoutError","syscall":"read"},"level":"error","message":"Error receiving messages from SQS:"}
{"error":{"$metadata":{"attempts":3,"totalRetryDelay":121},"code":"ETIMEDOUT","errno":-60,"name":"TimeoutError","syscall":"read"},"level":"error","message":"Error receiving messages from SQS:"}
{"error":{"$metadata":{"attempts":3,"totalRetryDelay":149},"code":"ETIMEDOUT","errno":-60,"name":"TimeoutError","syscall":"read"},"level":"error","message":"Error receiving messages from SQS:"}
{"code":"ETIMEDOUT","errno":-60,"level":"error","message":"Redis connection error: read ETIMEDOUT","stack":"Error: read ETIMEDOUT\n    at TCP.onStreamRead (node:internal/stream_base_commons:216:20)","syscall":"read"}
{"error":{"$metadata":{"attempts":3,"totalRetryDelay":178},"code":"ETIMEDOUT","errno":-60,"name":"TimeoutError","syscall":"read"},"level":"error","message":"Error receiving messages from SQS:"}
{"error":{"$metadata":{"attempts":3,"totalRetryDelay":32},"code":"ETIMEDOUT","errno":-60,"name":"TimeoutError","syscall":"read"},"level":"error","message":"Error receiving messages from SQS:"}
{"error":{"$metadata":{"attempts":3,"totalRetryDelay":221},"code":"ETIMEDOUT","errno":-60,"name":"TimeoutError","syscall":"read"},"level":"error","message":"Error receiving messages from SQS:"}
{"error":{"$metadata":{"attempts":3,"totalRetryDelay":169},"code":"ETIMEDOUT","errno":-60,"name":"TimeoutError","syscall":"read"},"level":"error","message":"Error receiving messages from SQS:"}
{"error":{"$metadata":{"attempts":3,"totalRetryDelay":134},"code":"ETIMEDOUT","errno":-60,"name":"TimeoutError","syscall":"read"},"level":"error","message":"Error receiving messages from SQS:"}
{"error":{"$metadata":{"attempts":3,"totalRetryDelay":197},"code":"ETIMEDOUT","errno":-60,"name":"TimeoutError","syscall":"read"},"level":"error","message":"Error receiving messages from SQS:"}
{"error":{"$metadata":{"attempts":3,"totalRetryDelay":177},"code":"ENOTFOUND","errno":-3008,"hostname":"sqs.ap-south-1.amazonaws.com","syscall":"getaddrinfo"},"level":"error","message":"Error receiving messages from SQS:"}
{"error":{"$metadata":{"attempts":3,"totalRetryDelay":111},"code":"ENOTFOUND","errno":-3008,"hostname":"sqs.ap-south-1.amazonaws.com","syscall":"getaddrinfo"},"level":"error","message":"Error receiving messages from SQS:"}
{"error":{"$metadata":{"attempts":3,"totalRetryDelay":188},"code":"ENOTFOUND","errno":-3008,"hostname":"sqs.ap-south-1.amazonaws.com","syscall":"getaddrinfo"},"level":"error","message":"Error receiving messages from SQS:"}
{"error":{"$metadata":{"attempts":3,"totalRetryDelay":11},"code":"ENOTFOUND","errno":-3008,"hostname":"sqs.ap-south-1.amazonaws.com","syscall":"getaddrinfo"},"level":"error","message":"Error receiving messages from SQS:"}
{"code":"ETIMEDOUT","errno":-60,"level":"error","message":"Redis connection error: read ETIMEDOUT","stack":"Error: read ETIMEDOUT\n    at TCP.onStreamRead (node:internal/stream_base_commons:216:20)","syscall":"read"}
{"error":{"$metadata":{"attempts":3,"totalRetryDelay":231},"code":"ETIMEDOUT","errno":-60,"name":"TimeoutError","syscall":"read"},"level":"error","message":"Error receiving messages from SQS:"}
{"code":"ETIMEDOUT","errno":-60,"level":"error","message":"Redis connection error: read ETIMEDOUT","stack":"Error: read ETIMEDOUT\n    at TCP.onStreamRead (node:internal/stream_base_commons:216:20)","syscall":"read"}
{"error":{"$metadata":{"attempts":3,"totalRetryDelay":250},"code":"ETIMEDOUT","errno":-60,"name":"TimeoutError","syscall":"read"},"level":"error","message":"Error receiving messages from SQS:"}
{"code":"ETIMEDOUT","errno":-60,"level":"error","message":"Redis connection error: read ETIMEDOUT","stack":"Error: read ETIMEDOUT\n    at TCP.onStreamRead (node:internal/stream_base_commons:216:20)","syscall":"read"}
{"error":{"$metadata":{"attempts":3,"totalRetryDelay":43},"code":"ETIMEDOUT","errno":-60,"name":"TimeoutError","syscall":"read"},"level":"error","message":"Error receiving messages from SQS:"}
{"code":"ETIMEDOUT","errno":-60,"level":"error","message":"Redis connection error: read ETIMEDOUT","stack":"Error: read ETIMEDOUT\n    at TCP.onStreamRead (node:internal/stream_base_commons:216:20)","syscall":"read"}
{"error":{"$metadata":{"attempts":3,"totalRetryDelay":186},"code":"ETIMEDOUT","errno":-60,"name":"TimeoutError","syscall":"read"},"level":"error","message":"Error receiving messages from SQS:"}
{"code":"ETIMEDOUT","errno":-60,"level":"error","message":"Redis connection error: read ETIMEDOUT","stack":"Error: read ETIMEDOUT\n    at TCP.onStreamRead (node:internal/stream_base_commons:216:20)","syscall":"read"}
{"error":{"$metadata":{"attempts":3,"totalRetryDelay":95},"code":"ETIMEDOUT","errno":-60,"name":"TimeoutError","syscall":"read"},"level":"error","message":"Error receiving messages from SQS:"}
{"code":"ETIMEDOUT","errno":-60,"level":"error","message":"Redis connection error: read ETIMEDOUT","stack":"Error: read ETIMEDOUT\n    at TCP.onStreamRead (node:internal/stream_base_commons:216:20)","syscall":"read"}
{"error":{"$metadata":{"attempts":3,"totalRetryDelay":229},"code":"ETIMEDOUT","errno":-60,"name":"TimeoutError","syscall":"read"},"level":"error","message":"Error receiving messages from SQS:"}
{"code":"ETIMEDOUT","errno":-60,"level":"error","message":"Redis connection error: read ETIMEDOUT","stack":"Error: read ETIMEDOUT\n    at TCP.onStreamRead (node:internal/stream_base_commons:216:20)","syscall":"read"}
{"code":"ETIMEDOUT","errno":-60,"level":"error","message":"Redis connection error: read ETIMEDOUT","stack":"Error: read ETIMEDOUT\n    at TCP.onStreamRead (node:internal/stream_base_commons:216:20)","syscall":"read"}
{"code":"ETIMEDOUT","errno":-60,"level":"error","message":"Redis connection error: read ETIMEDOUT","stack":"Error: read ETIMEDOUT\n    at TCP.onStreamRead (node:internal/stream_base_commons:216:20)","syscall":"read"}
{"error":{"$metadata":{"attempts":3,"totalRetryDelay":176},"code":"ETIMEDOUT","errno":-60,"name":"TimeoutError","syscall":"read"},"level":"error","message":"Error receiving messages from SQS:"}
{"code":"ETIMEDOUT","errno":-60,"level":"error","message":"Redis connection error: read ETIMEDOUT","stack":"Error: read ETIMEDOUT\n    at TCP.onStreamRead (node:internal/stream_base_commons:216:20)","syscall":"read"}
{"error":{"$metadata":{"attempts":3,"totalRetryDelay":180},"code":"ETIMEDOUT","errno":-60,"name":"TimeoutError","syscall":"read"},"level":"error","message":"Error receiving messages from SQS:"}
{"code":"ETIMEDOUT","errno":-60,"level":"error","message":"Redis connection error: read ETIMEDOUT","stack":"Error: read ETIMEDOUT\n    at TCP.onStreamRead (node:internal/stream_base_commons:216:20)","syscall":"read"}
{"error":{"$metadata":{"attempts":3,"totalRetryDelay":209},"code":"ENOTFOUND","errno":-3008,"hostname":"sqs.ap-south-1.amazonaws.com","syscall":"getaddrinfo"},"level":"error","message":"Error receiving messages from SQS:"}
{"error":{"$metadata":{"attempts":3,"totalRetryDelay":171},"code":"ENOTFOUND","errno":-3008,"hostname":"sqs.ap-south-1.amazonaws.com","syscall":"getaddrinfo"},"level":"error","message":"Error receiving messages from SQS:"}
{"error":{"$metadata":{"attempts":3,"totalRetryDelay":127},"code":"ENOTFOUND","errno":-3008,"hostname":"sqs.ap-south-1.amazonaws.com","syscall":"getaddrinfo"},"level":"error","message":"Error receiving messages from SQS:"}
{"error":{"$metadata":{"attempts":3,"totalRetryDelay":167},"code":"ENOTFOUND","errno":-3008,"hostname":"sqs.ap-south-1.amazonaws.com","syscall":"getaddrinfo"},"level":"error","message":"Error receiving messages from SQS:"}
{"error":{"$metadata":{"attempts":3,"totalRetryDelay":189},"code":"ENOTFOUND","errno":-3008,"hostname":"sqs.ap-south-1.amazonaws.com","syscall":"getaddrinfo"},"level":"error","message":"Error receiving messages from SQS:"}
{"error":{"$metadata":{"attempts":3,"totalRetryDelay":190},"code":"ENOTFOUND","errno":-3008,"hostname":"sqs.ap-south-1.amazonaws.com","syscall":"getaddrinfo"},"level":"error","message":"Error receiving messages from SQS:"}
{"error":{"$metadata":{"attempts":3,"totalRetryDelay":101},"code":"ENOTFOUND","errno":-3008,"hostname":"sqs.ap-south-1.amazonaws.com","syscall":"getaddrinfo"},"level":"error","message":"Error receiving messages from SQS:"}
{"error":{"$metadata":{"attempts":3,"totalRetryDelay":88},"code":"ENOTFOUND","errno":-3008,"hostname":"sqs.ap-south-1.amazonaws.com","syscall":"getaddrinfo"},"level":"error","message":"Error receiving messages from SQS:"}
{"error":{"$metadata":{"attempts":3,"totalRetryDelay":158},"code":"ENOTFOUND","errno":-3008,"hostname":"sqs.ap-south-1.amazonaws.com","syscall":"getaddrinfo"},"level":"error","message":"Error receiving messages from SQS:"}
{"error":{"$metadata":{"attempts":3,"totalRetryDelay":190},"code":"ENOTFOUND","errno":-3008,"hostname":"sqs.ap-south-1.amazonaws.com","syscall":"getaddrinfo"},"level":"error","message":"Error receiving messages from SQS:"}
{"error":{"$metadata":{"attempts":3,"totalRetryDelay":247},"code":"ENOTFOUND","errno":-3008,"hostname":"sqs.ap-south-1.amazonaws.com","syscall":"getaddrinfo"},"level":"error","message":"Error receiving messages from SQS:"}
{"error":{"$metadata":{"attempts":3,"totalRetryDelay":98},"code":"ENOTFOUND","errno":-3008,"hostname":"sqs.ap-south-1.amazonaws.com","syscall":"getaddrinfo"},"level":"error","message":"Error receiving messages from SQS:"}
{"error":{"$metadata":{"attempts":3,"totalRetryDelay":183},"code":"ENOTFOUND","errno":-3008,"hostname":"sqs.ap-south-1.amazonaws.com","syscall":"getaddrinfo"},"level":"error","message":"Error receiving messages from SQS:"}
{"error":{"$metadata":{"attempts":3,"totalRetryDelay":86},"code":"ENOTFOUND","errno":-3008,"hostname":"sqs.ap-south-1.amazonaws.com","syscall":"getaddrinfo"},"level":"error","message":"Error receiving messages from SQS:"}
{"error":{"$metadata":{"attempts":3,"totalRetryDelay":177},"code":"ENOTFOUND","errno":-3008,"hostname":"sqs.ap-south-1.amazonaws.com","syscall":"getaddrinfo"},"level":"error","message":"Error receiving messages from SQS:"}
{"error":{"$metadata":{"attempts":3,"totalRetryDelay":215},"code":"ENOTFOUND","errno":-3008,"hostname":"sqs.ap-south-1.amazonaws.com","syscall":"getaddrinfo"},"level":"error","message":"Error receiving messages from SQS:"}
{"error":{"$metadata":{"attempts":3,"totalRetryDelay":142},"code":"ENOTFOUND","errno":-3008,"hostname":"sqs.ap-south-1.amazonaws.com","syscall":"getaddrinfo"},"level":"error","message":"Error receiving messages from SQS:"}
{"error":{"$metadata":{"attempts":3,"totalRetryDelay":212},"code":"ENOTFOUND","errno":-3008,"hostname":"sqs.ap-south-1.amazonaws.com","syscall":"getaddrinfo"},"level":"error","message":"Error receiving messages from SQS:"}
{"error":{"$metadata":{"attempts":3,"totalRetryDelay":11},"code":"ENOTFOUND","errno":-3008,"hostname":"sqs.ap-south-1.amazonaws.com","syscall":"getaddrinfo"},"level":"error","message":"Error receiving messages from SQS:"}
{"error":{"$metadata":{"attempts":3,"totalRetryDelay":135},"code":"ENOTFOUND","errno":-3008,"hostname":"sqs.ap-south-1.amazonaws.com","syscall":"getaddrinfo"},"level":"error","message":"Error receiving messages from SQS:"}
{"error":{"$metadata":{"attempts":3,"totalRetryDelay":136},"code":"ENOTFOUND","errno":-3008,"hostname":"sqs.ap-south-1.amazonaws.com","syscall":"getaddrinfo"},"level":"error","message":"Error receiving messages from SQS:"}
{"error":{"$metadata":{"attempts":3,"totalRetryDelay":225},"code":"ENOTFOUND","errno":-3008,"hostname":"sqs.ap-south-1.amazonaws.com","syscall":"getaddrinfo"},"level":"error","message":"Error receiving messages from SQS:"}
{"error":{"$metadata":{"attempts":3,"totalRetryDelay":132},"code":"ENOTFOUND","errno":-3008,"hostname":"sqs.ap-south-1.amazonaws.com","syscall":"getaddrinfo"},"level":"error","message":"Error receiving messages from SQS:"}
{"error":{"$metadata":{"attempts":3,"totalRetryDelay":36},"code":"ENOTFOUND","errno":-3008,"hostname":"sqs.ap-south-1.amazonaws.com","syscall":"getaddrinfo"},"level":"error","message":"Error receiving messages from SQS:"}
{"error":{"$metadata":{"attempts":3,"totalRetryDelay":54},"code":"ENOTFOUND","errno":-3008,"hostname":"sqs.ap-south-1.amazonaws.com","syscall":"getaddrinfo"},"level":"error","message":"Error receiving messages from SQS:"}
{"error":{"$metadata":{"attempts":3,"totalRetryDelay":113},"code":"ENOTFOUND","errno":-3008,"hostname":"sqs.ap-south-1.amazonaws.com","syscall":"getaddrinfo"},"level":"error","message":"Error receiving messages from SQS:"}
{"error":{"$metadata":{"attempts":3,"totalRetryDelay":87},"code":"ENOTFOUND","errno":-3008,"hostname":"sqs.ap-south-1.amazonaws.com","syscall":"getaddrinfo"},"level":"error","message":"Error receiving messages from SQS:"}
{"error":{"$metadata":{"attempts":3,"totalRetryDelay":64},"code":"ENOTFOUND","errno":-3008,"hostname":"sqs.ap-south-1.amazonaws.com","syscall":"getaddrinfo"},"level":"error","message":"Error receiving messages from SQS:"}
{"error":{"$metadata":{"attempts":3,"totalRetryDelay":66},"code":"ENOTFOUND","errno":-3008,"hostname":"sqs.ap-south-1.amazonaws.com","syscall":"getaddrinfo"},"level":"error","message":"Error receiving messages from SQS:"}
{"error":{"$metadata":{"attempts":3,"totalRetryDelay":44},"code":"ENOTFOUND","errno":-3008,"hostname":"sqs.ap-south-1.amazonaws.com","syscall":"getaddrinfo"},"level":"error","message":"Error receiving messages from SQS:"}
{"error":{"$metadata":{"attempts":3,"totalRetryDelay":49},"code":"ENOTFOUND","errno":-3008,"hostname":"sqs.ap-south-1.amazonaws.com","syscall":"getaddrinfo"},"level":"error","message":"Error receiving messages from SQS:"}
{"error":{"$metadata":{"attempts":3,"totalRetryDelay":133},"code":"ENOTFOUND","errno":-3008,"hostname":"sqs.ap-south-1.amazonaws.com","syscall":"getaddrinfo"},"level":"error","message":"Error receiving messages from SQS:"}
{"error":{"$metadata":{"attempts":3,"totalRetryDelay":192},"code":"ENOTFOUND","errno":-3008,"hostname":"sqs.ap-south-1.amazonaws.com","syscall":"getaddrinfo"},"level":"error","message":"Error receiving messages from SQS:"}
{"error":{"$metadata":{"attempts":3,"totalRetryDelay":196},"code":"ENOTFOUND","errno":-3008,"hostname":"sqs.ap-south-1.amazonaws.com","syscall":"getaddrinfo"},"level":"error","message":"Error receiving messages from SQS:"}
{"error":{"$metadata":{"attempts":3,"totalRetryDelay":281},"code":"ENOTFOUND","errno":-3008,"hostname":"sqs.ap-south-1.amazonaws.com","syscall":"getaddrinfo"},"level":"error","message":"Error receiving messages from SQS:"}
{"error":{"$metadata":{"attempts":3,"totalRetryDelay":215},"code":"ENOTFOUND","errno":-3008,"hostname":"sqs.ap-south-1.amazonaws.com","syscall":"getaddrinfo"},"level":"error","message":"Error receiving messages from SQS:"}
{"error":{"$metadata":{"attempts":3,"totalRetryDelay":128},"code":"ENOTFOUND","errno":-3008,"hostname":"sqs.ap-south-1.amazonaws.com","syscall":"getaddrinfo"},"level":"error","message":"Error receiving messages from SQS:"}
{"error":{"$metadata":{"attempts":3,"totalRetryDelay":266},"code":"ETIMEDOUT","errno":-60,"name":"TimeoutError","syscall":"read"},"level":"error","message":"Error receiving messages from SQS:"}
{"error":{"$metadata":{"attempts":3,"totalRetryDelay":259},"code":"ENOTFOUND","errno":-3008,"hostname":"sqs.ap-south-1.amazonaws.com","syscall":"getaddrinfo"},"level":"error","message":"Error receiving messages from SQS:"}
{"error":{"$metadata":{"attempts":1,"totalRetryDelay":0},"code":"EADDRNOTAVAIL","errno":-49,"syscall":"read"},"level":"error","message":"Error receiving messages from SQS:"}
{"code":"EADDRNOTAVAIL","errno":-49,"level":"error","message":"Redis connection error: read EADDRNOTAVAIL","stack":"Error: read EADDRNOTAVAIL\n    at TCP.onStreamRead (node:internal/stream_base_commons:216:20)","syscall":"read"}
{"error":{"$metadata":{"attempts":3,"totalRetryDelay":163},"code":"ETIMEDOUT","errno":-60,"name":"TimeoutError","syscall":"read"},"level":"error","message":"Error receiving messages from SQS:"}
{"error":{"$metadata":{"attempts":3,"totalRetryDelay":245},"code":"ETIMEDOUT","errno":-60,"name":"TimeoutError","syscall":"read"},"level":"error","message":"Error receiving messages from SQS:"}
{"error":{"$metadata":{"attempts":3,"totalRetryDelay":54},"code":"ETIMEDOUT","errno":-60,"name":"TimeoutError","syscall":"read"},"level":"error","message":"Error receiving messages from SQS:"}
{"error":{"$metadata":{"attempts":3,"totalRetryDelay":133},"code":"ETIMEDOUT","errno":-60,"name":"TimeoutError","syscall":"read"},"level":"error","message":"Error receiving messages from SQS:"}
{"error":{"$metadata":{"attempts":3,"totalRetryDelay":85},"code":"ETIMEDOUT","errno":-60,"name":"TimeoutError","syscall":"read"},"level":"error","message":"Error receiving messages from SQS:"}
{"error":{"$metadata":{"attempts":3,"totalRetryDelay":250},"code":"ETIMEDOUT","errno":-60,"name":"TimeoutError","syscall":"read"},"level":"error","message":"Error receiving messages from SQS:"}
{"error":{"$metadata":{"attempts":3,"totalRetryDelay":123},"code":"ETIMEDOUT","errno":-60,"name":"TimeoutError","syscall":"read"},"level":"error","message":"Error receiving messages from SQS:"}
{"error":{"$metadata":{"attempts":3,"totalRetryDelay":276},"code":"ETIMEDOUT","errno":-60,"name":"TimeoutError","syscall":"read"},"level":"error","message":"Error receiving messages from SQS:"}
{"error":{"$metadata":{"attempts":3,"totalRetryDelay":38},"code":"ETIMEDOUT","errno":-60,"name":"TimeoutError","syscall":"read"},"level":"error","message":"Error receiving messages from SQS:"}
{"error":{"$metadata":{"attempts":3,"totalRetryDelay":89},"code":"ECONNRESET","errno":-54,"name":"TimeoutError","syscall":"read"},"level":"error","message":"Error receiving messages from SQS:"}
{"code":"ETIMEDOUT","errno":-60,"level":"error","message":"Redis connection error: read ETIMEDOUT","stack":"Error: read ETIMEDOUT\n    at TCP.onStreamRead (node:internal/stream_base_commons:216:20)","syscall":"read"}
{"error":{"$metadata":{"attempts":3,"totalRetryDelay":244},"code":"ETIMEDOUT","errno":-60,"name":"TimeoutError","syscall":"read"},"level":"error","message":"Error receiving messages from SQS:"}
{"error":{"$metadata":{"attempts":3,"totalRetryDelay":257},"code":"ETIMEDOUT","errno":-60,"name":"TimeoutError","syscall":"read"},"level":"error","message":"Error receiving messages from SQS:"}
{"error":{"$metadata":{"attempts":3,"totalRetryDelay":61},"code":"ETIMEDOUT","errno":-60,"name":"TimeoutError","syscall":"read"},"level":"error","message":"Error receiving messages from SQS:"}
{"error":{"$metadata":{"attempts":3,"totalRetryDelay":169},"code":"ETIMEDOUT","errno":-60,"name":"TimeoutError","syscall":"read"},"level":"error","message":"Error receiving messages from SQS:"}
{"error":{"$metadata":{"attempts":3,"totalRetryDelay":267},"code":"ETIMEDOUT","errno":-60,"name":"TimeoutError","syscall":"read"},"level":"error","message":"Error receiving messages from SQS:"}
{"code":"ETIMEDOUT","errno":-60,"level":"error","message":"Redis connection error: read ETIMEDOUT","stack":"Error: read ETIMEDOUT\n    at TCP.onStreamRead (node:internal/stream_base_commons:216:20)","syscall":"read"}
{"error":{"$metadata":{"attempts":3,"totalRetryDelay":198},"code":"ETIMEDOUT","errno":-60,"name":"TimeoutError","syscall":"read"},"level":"error","message":"Error receiving messages from SQS:"}
{"code":"ETIMEDOUT","errno":-60,"level":"error","message":"Redis connection error: read ETIMEDOUT","stack":"Error: read ETIMEDOUT\n    at TCP.onStreamRead (node:internal/stream_base_commons:216:20)","syscall":"read"}
{"error":{"$metadata":{"attempts":3,"totalRetryDelay":110},"code":"ETIMEDOUT","errno":-60,"name":"TimeoutError","syscall":"read"},"level":"error","message":"Error receiving messages from SQS:"}
{"code":"ETIMEDOUT","errno":-60,"level":"error","message":"Redis connection error: read ETIMEDOUT","stack":"Error: read ETIMEDOUT\n    at TCP.onStreamRead (node:internal/stream_base_commons:216:20)","syscall":"read"}
{"error":{"$metadata":{"attempts":3,"totalRetryDelay":243},"code":"ETIMEDOUT","errno":-60,"name":"TimeoutError","syscall":"read"},"level":"error","message":"Error receiving messages from SQS:"}
{"error":{"$metadata":{"attempts":3,"totalRetryDelay":132},"code":"ETIMEDOUT","errno":-60,"name":"TimeoutError","syscall":"read"},"level":"error","message":"Error receiving messages from SQS:"}
{"error":{"$metadata":{"attempts":3,"totalRetryDelay":78},"code":"ETIMEDOUT","errno":-60,"name":"TimeoutError","syscall":"read"},"level":"error","message":"Error receiving messages from SQS:"}
{"error":{"$metadata":{"attempts":3,"totalRetryDelay":283},"code":"ETIMEDOUT","errno":-60,"name":"TimeoutError","syscall":"read"},"level":"error","message":"Error receiving messages from SQS:"}
{"error":{"$metadata":{"attempts":3,"totalRetryDelay":134},"code":"ETIMEDOUT","errno":-60,"name":"TimeoutError","syscall":"read"},"level":"error","message":"Error receiving messages from SQS:"}
{"error":{"$metadata":{"attempts":3,"totalRetryDelay":98},"code":"ECONNRESET","errno":-54,"name":"TimeoutError","syscall":"read"},"level":"error","message":"Error receiving messages from SQS:"}
{"error":{"$metadata":{"attempts":3,"totalRetryDelay":163},"code":"ETIMEDOUT","errno":-60,"name":"TimeoutError","syscall":"read"},"level":"error","message":"Error receiving messages from SQS:"}
{"error":{"$metadata":{"attempts":3,"totalRetryDelay":81},"code":"ETIMEDOUT","errno":-60,"name":"TimeoutError","syscall":"read"},"level":"error","message":"Error receiving messages from SQS:"}
{"error":{"$metadata":{"attempts":3,"totalRetryDelay":105},"code":"ETIMEDOUT","errno":-60,"name":"TimeoutError","syscall":"read"},"level":"error","message":"Error receiving messages from SQS:"}
{"error":{"$metadata":{"attempts":3,"totalRetryDelay":186},"code":"ETIMEDOUT","errno":-60,"name":"TimeoutError","syscall":"read"},"level":"error","message":"Error receiving messages from SQS:"}
{"error":{"$metadata":{"attempts":3,"totalRetryDelay":184},"code":"ETIMEDOUT","errno":-60,"name":"TimeoutError","syscall":"read"},"level":"error","message":"Error receiving messages from SQS:"}
{"error":{"$metadata":{"attempts":3,"totalRetryDelay":27},"code":"ECONNRESET","errno":-54,"name":"TimeoutError","syscall":"read"},"level":"error","message":"Error receiving messages from SQS:"}
{"error":{"$metadata":{"attempts":3,"totalRetryDelay":223},"code":"ETIMEDOUT","errno":-60,"name":"TimeoutError","syscall":"read"},"level":"error","message":"Error receiving messages from SQS:"}
{"error":{"$metadata":{"attempts":3,"totalRetryDelay":237},"code":"ETIMEDOUT","errno":-60,"name":"TimeoutError","syscall":"read"},"level":"error","message":"Error receiving messages from SQS:"}
{"error":{"$metadata":{"attempts":3,"totalRetryDelay":195},"code":"ECONNRESET","errno":-54,"name":"TimeoutError","syscall":"read"},"level":"error","message":"Error receiving messages from SQS:"}
{"error":{"$metadata":{"attempts":3,"totalRetryDelay":106},"code":"ETIMEDOUT","errno":-60,"name":"TimeoutError","syscall":"read"},"level":"error","message":"Error receiving messages from SQS:"}
{"error":{"$metadata":{"attempts":3,"totalRetryDelay":173},"code":"ETIMEDOUT","errno":-60,"name":"TimeoutError","syscall":"read"},"level":"error","message":"Error receiving messages from SQS:"}
{"error":{"$metadata":{"attempts":3,"totalRetryDelay":186},"code":"ETIMEDOUT","errno":-60,"name":"TimeoutError","syscall":"read"},"level":"error","message":"Error receiving messages from SQS:"}
{"error":{"$metadata":{"attempts":3,"totalRetryDelay":42},"code":"ECONNRESET","errno":-54,"name":"TimeoutError","syscall":"read"},"level":"error","message":"Error receiving messages from SQS:"}
{"error":{"$metadata":{"attempts":3,"totalRetryDelay":159},"code":"ECONNRESET","errno":-54,"name":"TimeoutError","syscall":"read"},"level":"error","message":"Error receiving messages from SQS:"}
{"error":{"$metadata":{"attempts":3,"totalRetryDelay":96},"code":"ETIMEDOUT","errno":-60,"name":"TimeoutError","syscall":"read"},"level":"error","message":"Error receiving messages from SQS:"}
{"code":"ETIMEDOUT","errno":-60,"level":"error","message":"Redis connection error: read ETIMEDOUT","stack":"Error: read ETIMEDOUT\n    at TCP.onStreamRead (node:internal/stream_base_commons:216:20)","syscall":"read"}
{"error":{"$metadata":{"attempts":3,"totalRetryDelay":124},"code":"ETIMEDOUT","errno":-60,"name":"TimeoutError","syscall":"read"},"level":"error","message":"Error receiving messages from SQS:"}
{"error":{"$metadata":{"attempts":3,"totalRetryDelay":284},"code":"ETIMEDOUT","errno":-60,"name":"TimeoutError","syscall":"read"},"level":"error","message":"Error receiving messages from SQS:"}
{"error":{"$metadata":{"attempts":3,"totalRetryDelay":226},"code":"ETIMEDOUT","errno":-60,"name":"TimeoutError","syscall":"read"},"level":"error","message":"Error receiving messages from SQS:"}
{"error":{"$metadata":{"attempts":3,"totalRetryDelay":208},"code":"ETIMEDOUT","errno":-60,"name":"TimeoutError","syscall":"read"},"level":"error","message":"Error receiving messages from SQS:"}
{"error":{"$metadata":{"attempts":3,"totalRetryDelay":226},"code":"ETIMEDOUT","errno":-60,"name":"TimeoutError","syscall":"read"},"level":"error","message":"Error receiving messages from SQS:"}
{"error":{"$metadata":{"attempts":3,"totalRetryDelay":154},"code":"ETIMEDOUT","errno":-60,"name":"TimeoutError","syscall":"read"},"level":"error","message":"Error receiving messages from SQS:"}
{"error":{"$metadata":{"attempts":3,"totalRetryDelay":154},"code":"ENOTFOUND","errno":-3008,"hostname":"sqs.ap-south-1.amazonaws.com","syscall":"getaddrinfo"},"level":"error","message":"Error receiving messages from SQS:"}
{"error":{"$metadata":{"attempts":3,"totalRetryDelay":28},"code":"ENOTFOUND","errno":-3008,"hostname":"sqs.ap-south-1.amazonaws.com","syscall":"getaddrinfo"},"level":"error","message":"Error receiving messages from SQS:"}
{"error":{"$metadata":{"attempts":3,"totalRetryDelay":161},"code":"ENOTFOUND","errno":-3008,"hostname":"sqs.ap-south-1.amazonaws.com","syscall":"getaddrinfo"},"level":"error","message":"Error receiving messages from SQS:"}
{"error":{"$metadata":{"attempts":3,"totalRetryDelay":212},"code":"ETIMEDOUT","errno":-60,"name":"TimeoutError","syscall":"read"},"level":"error","message":"Error receiving messages from SQS:"}
{"error":{"$metadata":{"attempts":3,"totalRetryDelay":59},"code":"ETIMEDOUT","errno":-60,"name":"TimeoutError","syscall":"read"},"level":"error","message":"Error receiving messages from SQS:"}
{"error":{"$metadata":{"attempts":3,"totalRetryDelay":239},"code":"ETIMEDOUT","errno":-60,"name":"TimeoutError","syscall":"read"},"level":"error","message":"Error receiving messages from SQS:"}
{"error":{"$metadata":{"attempts":3,"totalRetryDelay":169},"code":"ETIMEDOUT","errno":-60,"name":"TimeoutError","syscall":"read"},"level":"error","message":"Error receiving messages from SQS:"}
{"error":{"$metadata":{"attempts":3,"totalRetryDelay":71},"code":"ETIMEDOUT","errno":-60,"name":"TimeoutError","syscall":"read"},"level":"error","message":"Error receiving messages from SQS:"}
{"error":{"$metadata":{"attempts":3,"totalRetryDelay":227},"code":"ETIMEDOUT","errno":-60,"name":"TimeoutError","syscall":"read"},"level":"error","message":"Error receiving messages from SQS:"}
{"error":{"$metadata":{"attempts":3,"totalRetryDelay":171},"code":"ETIMEDOUT","errno":-60,"name":"TimeoutError","syscall":"read"},"level":"error","message":"Error receiving messages from SQS:"}
{"error":{"$metadata":{"attempts":3,"totalRetryDelay":139},"code":"ETIMEDOUT","errno":-60,"name":"TimeoutError","syscall":"read"},"level":"error","message":"Error receiving messages from SQS:"}
{"error":{"$metadata":{"attempts":3,"totalRetryDelay":146},"code":"ENOTFOUND","errno":-3008,"hostname":"sqs.ap-south-1.amazonaws.com","syscall":"getaddrinfo"},"level":"error","message":"Error receiving messages from SQS:"}
{"error":{"$metadata":{"attempts":3,"totalRetryDelay":208},"code":"ENOTFOUND","errno":-3008,"hostname":"sqs.ap-south-1.amazonaws.com","syscall":"getaddrinfo"},"level":"error","message":"Error receiving messages from SQS:"}
{"error":{"$metadata":{"attempts":3,"totalRetryDelay":181},"code":"ENOTFOUND","errno":-3008,"hostname":"sqs.ap-south-1.amazonaws.com","syscall":"getaddrinfo"},"level":"error","message":"Error receiving messages from SQS:"}
{"code":"ETIMEDOUT","errno":-60,"level":"error","message":"Redis connection error: read ETIMEDOUT","stack":"Error: read ETIMEDOUT\n    at TCP.onStreamRead (node:internal/stream_base_commons:216:20)","syscall":"read"}
{"error":{"$metadata":{"attempts":3,"totalRetryDelay":217},"code":"ETIMEDOUT","errno":-60,"name":"TimeoutError","syscall":"read"},"level":"error","message":"Error receiving messages from SQS:"}
{"error":{"$metadata":{"attempts":3,"totalRetryDelay":152},"code":"ENOTFOUND","errno":-3008,"hostname":"sqs.ap-south-1.amazonaws.com","syscall":"getaddrinfo"},"level":"error","message":"Error receiving messages from SQS:"}
{"error":{"$metadata":{"attempts":3,"totalRetryDelay":122},"code":"ENOTFOUND","errno":-3008,"hostname":"sqs.ap-south-1.amazonaws.com","syscall":"getaddrinfo"},"level":"error","message":"Error receiving messages from SQS:"}
{"error":{"$metadata":{"attempts":3,"totalRetryDelay":185},"code":"ENOTFOUND","errno":-3008,"hostname":"sqs.ap-south-1.amazonaws.com","syscall":"getaddrinfo"},"level":"error","message":"Error receiving messages from SQS:"}
{"error":{"$metadata":{"attempts":3,"totalRetryDelay":91},"code":"ENOTFOUND","errno":-3008,"hostname":"sqs.ap-south-1.amazonaws.com","syscall":"getaddrinfo"},"level":"error","message":"Error receiving messages from SQS:"}
{"error":{"$metadata":{"attempts":3,"totalRetryDelay":200},"code":"ENOTFOUND","errno":-3008,"hostname":"sqs.ap-south-1.amazonaws.com","syscall":"getaddrinfo"},"level":"error","message":"Error receiving messages from SQS:"}
{"error":{"$metadata":{"attempts":3,"totalRetryDelay":95},"code":"ENOTFOUND","errno":-3008,"hostname":"sqs.ap-south-1.amazonaws.com","syscall":"getaddrinfo"},"level":"error","message":"Error receiving messages from SQS:"}
{"error":{"$metadata":{"attempts":3,"totalRetryDelay":62},"code":"ENOTFOUND","errno":-3008,"hostname":"sqs.ap-south-1.amazonaws.com","syscall":"getaddrinfo"},"level":"error","message":"Error receiving messages from SQS:"}
{"error":{"$metadata":{"attempts":3,"totalRetryDelay":186},"code":"ENOTFOUND","errno":-3008,"hostname":"sqs.ap-south-1.amazonaws.com","syscall":"getaddrinfo"},"level":"error","message":"Error receiving messages from SQS:"}
{"error":{"$metadata":{"attempts":3,"totalRetryDelay":71},"code":"ENOTFOUND","errno":-3008,"hostname":"sqs.ap-south-1.amazonaws.com","syscall":"getaddrinfo"},"level":"error","message":"Error receiving messages from SQS:"}
{"error":{"$metadata":{"attempts":3,"totalRetryDelay":153},"code":"ENOTFOUND","errno":-3008,"hostname":"sqs.ap-south-1.amazonaws.com","syscall":"getaddrinfo"},"level":"error","message":"Error receiving messages from SQS:"}
{"error":{"$metadata":{"attempts":3,"totalRetryDelay":191},"code":"ENOTFOUND","errno":-3008,"hostname":"sqs.ap-south-1.amazonaws.com","syscall":"getaddrinfo"},"level":"error","message":"Error receiving messages from SQS:"}
{"error":{"$metadata":{"attempts":3,"totalRetryDelay":156},"code":"ENOTFOUND","errno":-3008,"hostname":"sqs.ap-south-1.amazonaws.com","syscall":"getaddrinfo"},"level":"error","message":"Error receiving messages from SQS:"}
{"error":{"$metadata":{"attempts":3,"totalRetryDelay":158},"code":"ENOTFOUND","errno":-3008,"hostname":"sqs.ap-south-1.amazonaws.com","syscall":"getaddrinfo"},"level":"error","message":"Error receiving messages from SQS:"}
{"error":{"$metadata":{"attempts":3,"totalRetryDelay":184},"code":"ENOTFOUND","errno":-3008,"hostname":"sqs.ap-south-1.amazonaws.com","syscall":"getaddrinfo"},"level":"error","message":"Error receiving messages from SQS:"}
{"error":{"$metadata":{"attempts":3,"totalRetryDelay":238},"code":"ENOTFOUND","errno":-3008,"hostname":"sqs.ap-south-1.amazonaws.com","syscall":"getaddrinfo"},"level":"error","message":"Error receiving messages from SQS:"}
{"error":{"$metadata":{"attempts":3,"totalRetryDelay":209},"code":"ENOTFOUND","errno":-3008,"hostname":"sqs.ap-south-1.amazonaws.com","syscall":"getaddrinfo"},"level":"error","message":"Error receiving messages from SQS:"}
{"error":{"$metadata":{"attempts":3,"totalRetryDelay":198},"code":"ENOTFOUND","errno":-3008,"hostname":"sqs.ap-south-1.amazonaws.com","syscall":"getaddrinfo"},"level":"error","message":"Error receiving messages from SQS:"}
{"error":{"$metadata":{"attempts":3,"totalRetryDelay":131},"code":"ENOTFOUND","errno":-3008,"hostname":"sqs.ap-south-1.amazonaws.com","syscall":"getaddrinfo"},"level":"error","message":"Error receiving messages from SQS:"}
{"error":{"$metadata":{"attempts":3,"totalRetryDelay":254},"code":"ENOTFOUND","errno":-3008,"hostname":"sqs.ap-south-1.amazonaws.com","syscall":"getaddrinfo"},"level":"error","message":"Error receiving messages from SQS:"}
{"error":{"$metadata":{"attempts":3,"totalRetryDelay":162},"code":"ENOTFOUND","errno":-3008,"hostname":"sqs.ap-south-1.amazonaws.com","syscall":"getaddrinfo"},"level":"error","message":"Error receiving messages from SQS:"}
{"error":{"$metadata":{"attempts":3,"totalRetryDelay":140},"code":"ENOTFOUND","errno":-3008,"hostname":"sqs.ap-south-1.amazonaws.com","syscall":"getaddrinfo"},"level":"error","message":"Error receiving messages from SQS:"}
{"error":{"$metadata":{"attempts":3,"totalRetryDelay":123},"code":"ETIMEDOUT","errno":-60,"name":"TimeoutError","syscall":"read"},"level":"error","message":"Error receiving messages from SQS:"}
{"error":{"$metadata":{"attempts":3,"totalRetryDelay":17},"code":"ETIMEDOUT","errno":-60,"name":"TimeoutError","syscall":"read"},"level":"error","message":"Error receiving messages from SQS:"}
{"error":{"$metadata":{"attempts":3,"totalRetryDelay":28},"code":"ETIMEDOUT","errno":-60,"name":"TimeoutError","syscall":"read"},"level":"error","message":"Error receiving messages from SQS:"}
{"error":{"$metadata":{"attempts":3,"totalRetryDelay":114},"code":"ETIMEDOUT","errno":-60,"name":"TimeoutError","syscall":"read"},"level":"error","message":"Error receiving messages from SQS:"}
{"error":{"$metadata":{"attempts":3,"totalRetryDelay":15},"code":"ETIMEDOUT","errno":-60,"name":"TimeoutError","syscall":"read"},"level":"error","message":"Error receiving messages from SQS:"}
{"error":{"$metadata":{"attempts":3,"totalRetryDelay":201},"code":"ETIMEDOUT","errno":-60,"name":"TimeoutError","syscall":"read"},"level":"error","message":"Error receiving messages from SQS:"}
{"error":{"$metadata":{"attempts":3,"totalRetryDelay":79},"code":"ETIMEDOUT","errno":-60,"name":"TimeoutError","syscall":"read"},"level":"error","message":"Error receiving messages from SQS:"}
{"error":{"$metadata":{"attempts":3,"totalRetryDelay":240},"code":"ECONNRESET","errno":-54,"name":"TimeoutError","syscall":"read"},"level":"error","message":"Error receiving messages from SQS:"}
{"error":{"$metadata":{"attempts":3,"totalRetryDelay":259},"code":"ETIMEDOUT","errno":-60,"name":"TimeoutError","syscall":"read"},"level":"error","message":"Error receiving messages from SQS:"}
{"error":{"$metadata":{"attempts":3,"totalRetryDelay":148},"code":"ETIMEDOUT","errno":-60,"name":"TimeoutError","syscall":"read"},"level":"error","message":"Error receiving messages from SQS:"}
{"error":{"$metadata":{"attempts":3,"totalRetryDelay":154},"code":"ETIMEDOUT","errno":-60,"name":"TimeoutError","syscall":"read"},"level":"error","message":"Error receiving messages from SQS:"}
{"error":{"$metadata":{"attempts":3,"totalRetryDelay":129},"code":"ETIMEDOUT","errno":-60,"name":"TimeoutError","syscall":"read"},"level":"error","message":"Error receiving messages from SQS:"}
{"error":{"$metadata":{"attempts":3,"totalRetryDelay":216},"code":"ETIMEDOUT","errno":-60,"name":"TimeoutError","syscall":"read"},"level":"error","message":"Error receiving messages from SQS:"}
{"error":{"$metadata":{"attempts":3,"totalRetryDelay":97},"code":"ETIMEDOUT","errno":-60,"name":"TimeoutError","syscall":"read"},"level":"error","message":"Error receiving messages from SQS:"}
{"error":{"$metadata":{"attempts":3,"totalRetryDelay":207},"code":"ETIMEDOUT","errno":-60,"name":"TimeoutError","syscall":"read"},"level":"error","message":"Error receiving messages from SQS:"}
{"error":{"$metadata":{"attempts":3,"totalRetryDelay":251},"code":"ETIMEDOUT","errno":-60,"name":"TimeoutError","syscall":"read"},"level":"error","message":"Error receiving messages from SQS:"}
{"error":{"$metadata":{"attempts":3,"totalRetryDelay":177},"code":"ETIMEDOUT","errno":-60,"name":"TimeoutError","syscall":"read"},"level":"error","message":"Error receiving messages from SQS:"}
{"error":{"$metadata":{"attempts":3,"totalRetryDelay":128},"code":"ECONNRESET","errno":-54,"name":"TimeoutError","syscall":"read"},"level":"error","message":"Error receiving messages from SQS:"}
{"error":{"$metadata":{"attempts":3,"totalRetryDelay":145},"code":"ETIMEDOUT","errno":-60,"name":"TimeoutError","syscall":"read"},"level":"error","message":"Error receiving messages from SQS:"}
{"error":{"$metadata":{"attempts":3,"totalRetryDelay":79},"code":"ETIMEDOUT","errno":-60,"name":"TimeoutError","syscall":"read"},"level":"error","message":"Error receiving messages from SQS:"}
{"error":{"$metadata":{"attempts":3,"totalRetryDelay":60},"code":"ETIMEDOUT","errno":-60,"name":"TimeoutError","syscall":"read"},"level":"error","message":"Error receiving messages from SQS:"}
{"error":{"$metadata":{"attempts":3,"totalRetryDelay":221},"code":"ETIMEDOUT","errno":-60,"name":"TimeoutError","syscall":"read"},"level":"error","message":"Error receiving messages from SQS:"}
{"error":{"$metadata":{"attempts":3,"totalRetryDelay":180},"code":"ETIMEDOUT","errno":-60,"name":"TimeoutError","syscall":"read"},"level":"error","message":"Error receiving messages from SQS:"}
{"error":{"$metadata":{"attempts":3,"totalRetryDelay":116},"code":"ECONNRESET","errno":-54,"name":"TimeoutError","syscall":"read"},"level":"error","message":"Error receiving messages from SQS:"}
{"code":"ETIMEDOUT","errno":-60,"level":"error","message":"Redis connection error: read ETIMEDOUT","stack":"Error: read ETIMEDOUT\n    at TCP.onStreamRead (node:internal/stream_base_commons:216:20)","syscall":"read"}
{"error":{"$metadata":{"attempts":3,"totalRetryDelay":112},"code":"ETIMEDOUT","errno":-60,"name":"TimeoutError","syscall":"read"},"level":"error","message":"Error receiving messages from SQS:"}
{"error":{"$metadata":{"attempts":3,"totalRetryDelay":207},"code":"ECONNRESET","errno":-54,"name":"TimeoutError","syscall":"read"},"level":"error","message":"Error receiving messages from SQS:"}
{"error":{"$metadata":{"attempts":3,"totalRetryDelay":104},"code":"ETIMEDOUT","errno":-60,"name":"TimeoutError","syscall":"read"},"level":"error","message":"Error receiving messages from SQS:"}
{"error":{"$metadata":{"attempts":3,"totalRetryDelay":201},"code":"ETIMEDOUT","errno":-60,"name":"TimeoutError","syscall":"read"},"level":"error","message":"Error receiving messages from SQS:"}
{"error":{"$metadata":{"attempts":3,"totalRetryDelay":138},"code":"ETIMEDOUT","errno":-60,"name":"TimeoutError","syscall":"read"},"level":"error","message":"Error receiving messages from SQS:"}
{"error":{"$metadata":{"attempts":3,"totalRetryDelay":80},"code":"ETIMEDOUT","errno":-60,"name":"TimeoutError","syscall":"read"},"level":"error","message":"Error receiving messages from SQS:"}
{"error":{"$metadata":{"attempts":3,"totalRetryDelay":199},"code":"ETIMEDOUT","errno":-60,"name":"TimeoutError","syscall":"read"},"level":"error","message":"Error receiving messages from SQS:"}
{"error":{"$metadata":{"attempts":3,"totalRetryDelay":223},"code":"ETIMEDOUT","errno":-60,"name":"TimeoutError","syscall":"read"},"level":"error","message":"Error receiving messages from SQS:"}
{"error":{"$metadata":{"attempts":3,"totalRetryDelay":206},"code":"ETIMEDOUT","errno":-60,"name":"TimeoutError","syscall":"read"},"level":"error","message":"Error receiving messages from SQS:"}
{"error":{"$metadata":{"attempts":3,"totalRetryDelay":45},"code":"ETIMEDOUT","errno":-60,"name":"TimeoutError","syscall":"read"},"level":"error","message":"Error receiving messages from SQS:"}
{"error":{"$metadata":{"attempts":3,"totalRetryDelay":219},"code":"ETIMEDOUT","errno":-60,"name":"TimeoutError","syscall":"read"},"level":"error","message":"Error receiving messages from SQS:"}
{"error":{"$metadata":{"attempts":3,"totalRetryDelay":168},"code":"ECONNRESET","errno":-54,"name":"TimeoutError","syscall":"read"},"level":"error","message":"Error receiving messages from SQS:"}
{"error":{"$metadata":{"attempts":3,"totalRetryDelay":132},"code":"ETIMEDOUT","errno":-60,"name":"TimeoutError","syscall":"read"},"level":"error","message":"Error receiving messages from SQS:"}
{"error":{"$metadata":{"attempts":3,"totalRetryDelay":196},"code":"ETIMEDOUT","errno":-60,"name":"TimeoutError","syscall":"read"},"level":"error","message":"Error receiving messages from SQS:"}
{"error":{"$metadata":{"attempts":3,"totalRetryDelay":100},"code":"ETIMEDOUT","errno":-60,"name":"TimeoutError","syscall":"read"},"level":"error","message":"Error receiving messages from SQS:"}
{"error":{"$metadata":{"attempts":3,"totalRetryDelay":151},"code":"ETIMEDOUT","errno":-60,"name":"TimeoutError","syscall":"read"},"level":"error","message":"Error receiving messages from SQS:"}
{"error":{"$metadata":{"attempts":3,"totalRetryDelay":247},"code":"ETIMEDOUT","errno":-60,"name":"TimeoutError","syscall":"read"},"level":"error","message":"Error receiving messages from SQS:"}
{"error":{"$metadata":{"attempts":3,"totalRetryDelay":115},"code":"ETIMEDOUT","errno":-60,"name":"TimeoutError","syscall":"read"},"level":"error","message":"Error receiving messages from SQS:"}
{"code":"ETIMEDOUT","errno":-60,"level":"error","message":"Redis connection error: read ETIMEDOUT","stack":"Error: read ETIMEDOUT\n    at TCP.onStreamRead (node:internal/stream_base_commons:216:20)","syscall":"read"}
{"error":{"$metadata":{"attempts":3,"totalRetryDelay":124},"code":"ETIMEDOUT","errno":-60,"name":"TimeoutError","syscall":"read"},"level":"error","message":"Error receiving messages from SQS:"}
{"error":{"$metadata":{"attempts":3,"totalRetryDelay":139},"code":"ETIMEDOUT","errno":-60,"name":"TimeoutError","syscall":"read"},"level":"error","message":"Error receiving messages from SQS:"}
{"error":{"$metadata":{"attempts":3,"totalRetryDelay":82},"code":"ETIMEDOUT","errno":-60,"name":"TimeoutError","syscall":"read"},"level":"error","message":"Error receiving messages from SQS:"}
{"error":{"$metadata":{"attempts":3,"totalRetryDelay":188},"code":"ETIMEDOUT","errno":-60,"name":"TimeoutError","syscall":"read"},"level":"error","message":"Error receiving messages from SQS:"}
{"error":{"$metadata":{"attempts":3,"totalRetryDelay":192},"code":"ETIMEDOUT","errno":-60,"name":"TimeoutError","syscall":"read"},"level":"error","message":"Error receiving messages from SQS:"}
{"error":{"$metadata":{"attempts":3,"totalRetryDelay":101},"code":"ETIMEDOUT","errno":-60,"name":"TimeoutError","syscall":"read"},"level":"error","message":"Error receiving messages from SQS:"}
{"error":{"$metadata":{"attempts":3,"totalRetryDelay":172},"code":"ECONNRESET","errno":-54,"name":"TimeoutError","syscall":"read"},"level":"error","message":"Error receiving messages from SQS:"}
{"error":{"$metadata":{"attempts":3,"totalRetryDelay":138},"code":"ETIMEDOUT","errno":-60,"name":"TimeoutError","syscall":"read"},"level":"error","message":"Error receiving messages from SQS:"}
{"error":{"$metadata":{"attempts":3,"totalRetryDelay":219},"code":"ETIMEDOUT","errno":-60,"name":"TimeoutError","syscall":"read"},"level":"error","message":"Error receiving messages from SQS:"}
{"error":{"$metadata":{"attempts":3,"totalRetryDelay":85},"code":"ETIMEDOUT","errno":-60,"name":"TimeoutError","syscall":"read"},"level":"error","message":"Error receiving messages from SQS:"}
{"error":{"$metadata":{"attempts":3,"totalRetryDelay":116},"code":"ETIMEDOUT","errno":-60,"name":"TimeoutError","syscall":"read"},"level":"error","message":"Error receiving messages from SQS:"}
{"error":{"$metadata":{"attempts":3,"totalRetryDelay":48},"code":"ETIMEDOUT","errno":-60,"name":"TimeoutError","syscall":"read"},"level":"error","message":"Error receiving messages from SQS:"}
{"error":{"$metadata":{"attempts":3,"totalRetryDelay":240},"code":"ETIMEDOUT","errno":-60,"name":"TimeoutError","syscall":"read"},"level":"error","message":"Error receiving messages from SQS:"}
{"error":{"$metadata":{"attempts":3,"totalRetryDelay":135},"code":"ETIMEDOUT","errno":-60,"name":"TimeoutError","syscall":"read"},"level":"error","message":"Error receiving messages from SQS:"}
{"error":{"$metadata":{"attempts":3,"totalRetryDelay":77},"code":"ETIMEDOUT","errno":-60,"name":"TimeoutError","syscall":"read"},"level":"error","message":"Error receiving messages from SQS:"}
{"error":{"$metadata":{"attempts":3,"totalRetryDelay":152},"code":"ETIMEDOUT","errno":-60,"name":"TimeoutError","syscall":"read"},"level":"error","message":"Error receiving messages from SQS:"}
{"error":{"$metadata":{"attempts":3,"totalRetryDelay":211},"code":"ETIMEDOUT","errno":-60,"name":"TimeoutError","syscall":"read"},"level":"error","message":"Error receiving messages from SQS:"}
{"error":{"$metadata":{"attempts":3,"totalRetryDelay":132},"code":"ETIMEDOUT","errno":-60,"name":"TimeoutError","syscall":"read"},"level":"error","message":"Error receiving messages from SQS:"}
{"error":{"$metadata":{"attempts":3,"totalRetryDelay":218},"code":"ETIMEDOUT","errno":-60,"name":"TimeoutError","syscall":"read"},"level":"error","message":"Error receiving messages from SQS:"}
{"error":{"$metadata":{"attempts":3,"totalRetryDelay":162},"code":"ETIMEDOUT","errno":-60,"name":"TimeoutError","syscall":"read"},"level":"error","message":"Error receiving messages from SQS:"}
{"error":{"$metadata":{"attempts":3,"totalRetryDelay":135},"code":"ETIMEDOUT","errno":-60,"name":"TimeoutError","syscall":"read"},"level":"error","message":"Error receiving messages from SQS:"}
{"error":{"$metadata":{"attempts":3,"totalRetryDelay":154},"code":"ETIMEDOUT","errno":-60,"name":"TimeoutError","syscall":"read"},"level":"error","message":"Error receiving messages from SQS:"}
{"error":{"$metadata":{"attempts":3,"totalRetryDelay":203},"code":"ETIMEDOUT","errno":-60,"name":"TimeoutError","syscall":"read"},"level":"error","message":"Error receiving messages from SQS:"}
{"error":{"$metadata":{"attempts":3,"totalRetryDelay":170},"code":"ETIMEDOUT","errno":-60,"name":"TimeoutError","syscall":"read"},"level":"error","message":"Error receiving messages from SQS:"}
{"error":{"$metadata":{"attempts":3,"totalRetryDelay":116},"code":"ETIMEDOUT","errno":-60,"name":"TimeoutError","syscall":"read"},"level":"error","message":"Error receiving messages from SQS:"}
{"code":"ETIMEDOUT","errno":-60,"level":"error","message":"Redis connection error: read ETIMEDOUT","stack":"Error: read ETIMEDOUT\n    at TCP.onStreamRead (node:internal/stream_base_commons:216:20)","syscall":"read"}
{"error":{"$metadata":{"attempts":3,"totalRetryDelay":245},"code":"ETIMEDOUT","errno":-60,"name":"TimeoutError","syscall":"read"},"level":"error","message":"Error receiving messages from SQS:"}
{"error":{"$metadata":{"attempts":3,"totalRetryDelay":101},"code":"ETIMEDOUT","errno":-60,"name":"TimeoutError","syscall":"read"},"level":"error","message":"Error receiving messages from SQS:"}
{"error":{"$metadata":{"attempts":3,"totalRetryDelay":262},"code":"ETIMEDOUT","errno":-60,"name":"TimeoutError","syscall":"read"},"level":"error","message":"Error receiving messages from SQS:"}
{"error":{"$metadata":{"attempts":3,"totalRetryDelay":207},"code":"ETIMEDOUT","errno":-60,"name":"TimeoutError","syscall":"read"},"level":"error","message":"Error receiving messages from SQS:"}
{"error":{"$metadata":{"attempts":3,"totalRetryDelay":171},"code":"ETIMEDOUT","errno":-60,"name":"TimeoutError","syscall":"read"},"level":"error","message":"Error receiving messages from SQS:"}
{"error":{"$metadata":{"attempts":3,"totalRetryDelay":138},"code":"ETIMEDOUT","errno":-60,"name":"TimeoutError","syscall":"read"},"level":"error","message":"Error receiving messages from SQS:"}
{"error":{"$metadata":{"attempts":3,"totalRetryDelay":253},"code":"ETIMEDOUT","errno":-60,"name":"TimeoutError","syscall":"read"},"level":"error","message":"Error receiving messages from SQS:"}
{"error":{"$metadata":{"attempts":3,"totalRetryDelay":261},"code":"ETIMEDOUT","errno":-60,"name":"TimeoutError","syscall":"read"},"level":"error","message":"Error receiving messages from SQS:"}
{"error":{"$metadata":{"attempts":3,"totalRetryDelay":135},"code":"ETIMEDOUT","errno":-60,"name":"TimeoutError","syscall":"read"},"level":"error","message":"Error receiving messages from SQS:"}
{"error":{"$metadata":{"attempts":3,"totalRetryDelay":198},"code":"ETIMEDOUT","errno":-60,"name":"TimeoutError","syscall":"read"},"level":"error","message":"Error receiving messages from SQS:"}
{"error":{"$metadata":{"attempts":3,"totalRetryDelay":90},"code":"ETIMEDOUT","errno":-60,"name":"TimeoutError","syscall":"read"},"level":"error","message":"Error receiving messages from SQS:"}
{"error":{"$metadata":{"attempts":3,"totalRetryDelay":225},"code":"ETIMEDOUT","errno":-60,"name":"TimeoutError","syscall":"read"},"level":"error","message":"Error receiving messages from SQS:"}
{"error":{"$metadata":{"attempts":3,"totalRetryDelay":84},"code":"ENOTFOUND","errno":-3008,"hostname":"sqs.ap-south-1.amazonaws.com","syscall":"getaddrinfo"},"level":"error","message":"Error receiving messages from SQS:"}
{"error":{"$metadata":{"attempts":3,"totalRetryDelay":191},"code":"ENOTFOUND","errno":-3008,"hostname":"sqs.ap-south-1.amazonaws.com","syscall":"getaddrinfo"},"level":"error","message":"Error receiving messages from SQS:"}
{"error":{"$metadata":{"attempts":3,"totalRetryDelay":145},"code":"ENOTFOUND","errno":-3008,"hostname":"sqs.ap-south-1.amazonaws.com","syscall":"getaddrinfo"},"level":"error","message":"Error receiving messages from SQS:"}
{"error":{"$metadata":{"attempts":3,"totalRetryDelay":194},"code":"ENOTFOUND","errno":-3008,"hostname":"sqs.ap-south-1.amazonaws.com","syscall":"getaddrinfo"},"level":"error","message":"Error receiving messages from SQS:"}
{"error":{"$metadata":{"attempts":3,"totalRetryDelay":114},"code":"ENOTFOUND","errno":-3008,"hostname":"sqs.ap-south-1.amazonaws.com","syscall":"getaddrinfo"},"level":"error","message":"Error receiving messages from SQS:"}
{"error":{"$metadata":{"attempts":3,"totalRetryDelay":131},"code":"ENOTFOUND","errno":-3008,"hostname":"sqs.ap-south-1.amazonaws.com","syscall":"getaddrinfo"},"level":"error","message":"Error receiving messages from SQS:"}
{"error":{"$metadata":{"attempts":3,"totalRetryDelay":148},"code":"ENOTFOUND","errno":-3008,"hostname":"sqs.ap-south-1.amazonaws.com","syscall":"getaddrinfo"},"level":"error","message":"Error receiving messages from SQS:"}
{"error":{"$metadata":{"attempts":3,"totalRetryDelay":157},"code":"ENOTFOUND","errno":-3008,"hostname":"sqs.ap-south-1.amazonaws.com","syscall":"getaddrinfo"},"level":"error","message":"Error receiving messages from SQS:"}
{"error":{"$metadata":{"attempts":3,"totalRetryDelay":168},"code":"ENOTFOUND","errno":-3008,"hostname":"sqs.ap-south-1.amazonaws.com","syscall":"getaddrinfo"},"level":"error","message":"Error receiving messages from SQS:"}
{"level":"error","message":"Could not close connections in time, forcing shutdown."}
{"error":"Cast to number failed for value \"undefined\" (type undefined) at path \"blocked_amount\"","level":"error","message":"Error blocking account amount for user: 689be7b8-5d2b-41b9-a8e8-f366d9f0b655"}
{"level":"error","message":"Error adding user with 6HMLKxnCzD6zQzs6AAAu and username Amarnath Bhakat to matchmaking queue: Error: A server error occurred while trying to block funds for user: 689be7b8-5d2b-41b9-a8e8-f366d9f0b655"}
{"error":"Cast to number failed for value \"undefined\" (type undefined) at path \"blocked_amount\"","level":"error","message":"Error blocking account amount for user: 689be7b8-5d2b-41b9-a8e8-f366d9f0b655"}
{"level":"error","message":"Error adding user with 6HMLKxnCzD6zQzs6AAAu and username Amarnath Bhakat to matchmaking queue: Error: A server error occurred while trying to block funds for user: 689be7b8-5d2b-41b9-a8e8-f366d9f0b655"}
{"error":"Cast to number failed for value \"undefined\" (type undefined) at path \"blocked_amount\"","level":"error","message":"Error blocking account amount for user: 689be7b8-5d2b-41b9-a8e8-f366d9f0b655"}
{"level":"error","message":"Error adding user with 6HMLKxnCzD6zQzs6AAAu and username Amarnath Bhakat to matchmaking queue: Error: A server error occurred while trying to block funds for user: 689be7b8-5d2b-41b9-a8e8-f366d9f0b655"}
{"error":"Cast to number failed for value \"undefined\" (type undefined) at path \"blocked_amount\"","level":"error","message":"Error blocking account amount for user: 689be7b8-5d2b-41b9-a8e8-f366d9f0b655"}
{"level":"error","message":"Error adding user with 6HMLKxnCzD6zQzs6AAAu and username Amarnath Bhakat to matchmaking queue: Error: A server error occurred while trying to block funds for user: 689be7b8-5d2b-41b9-a8e8-f366d9f0b655"}
{"error":"Cast to number failed for value \"undefined\" (type undefined) at path \"blocked_amount\"","level":"error","message":"Error blocking account amount for user: 689be7b8-5d2b-41b9-a8e8-f366d9f0b655"}
{"level":"error","message":"Error adding user with 6HMLKxnCzD6zQzs6AAAu and username Amarnath Bhakat to matchmaking queue: Error: A server error occurred while trying to block funds for user: 689be7b8-5d2b-41b9-a8e8-f366d9f0b655"}
{"error":"Cast to number failed for value \"undefined\" (type undefined) at path \"blocked_amount\"","level":"error","message":"Error blocking account amount for user: 689be7b8-5d2b-41b9-a8e8-f366d9f0b655"}
{"level":"error","message":"Error adding user with 6HMLKxnCzD6zQzs6AAAu and username Amarnath Bhakat to matchmaking queue: Error: A server error occurred while trying to block funds for user: 689be7b8-5d2b-41b9-a8e8-f366d9f0b655"}
{"error":"Cast to number failed for value \"undefined\" (type undefined) at path \"blocked_amount\"","level":"error","message":"Error blocking account amount for user: 689be7b8-5d2b-41b9-a8e8-f366d9f0b655"}
{"level":"error","message":"Error adding user with 6HMLKxnCzD6zQzs6AAAu and username Amarnath Bhakat to matchmaking queue: Error: A server error occurred while trying to block funds for user: 689be7b8-5d2b-41b9-a8e8-f366d9f0b655"}
{"error":"Cast to number failed for value \"undefined\" (type undefined) at path \"blocked_amount\"","level":"error","message":"Error blocking account amount for user: 689be7b8-5d2b-41b9-a8e8-f366d9f0b655"}
{"level":"error","message":"Error adding user with 6HMLKxnCzD6zQzs6AAAu and username Amarnath Bhakat to matchmaking queue: Error: A server error occurred while trying to block funds for user: 689be7b8-5d2b-41b9-a8e8-f366d9f0b655"}
{"error":"Cast to number failed for value \"undefined\" (type undefined) at path \"blocked_amount\"","level":"error","message":"Error blocking account amount for user: 689be7b8-5d2b-41b9-a8e8-f366d9f0b655"}
{"level":"error","message":"Error adding user with 6HMLKxnCzD6zQzs6AAAu and username Amarnath Bhakat to matchmaking queue: Error: A server error occurred while trying to block funds for user: 689be7b8-5d2b-41b9-a8e8-f366d9f0b655"}
{"error":"Cast to number failed for value \"undefined\" (type undefined) at path \"blocked_amount\"","level":"error","message":"Error blocking account amount for user: 689be7b8-5d2b-41b9-a8e8-f366d9f0b655"}
{"level":"error","message":"Error adding user with 6HMLKxnCzD6zQzs6AAAu and username Amarnath Bhakat to matchmaking queue: Error: A server error occurred while trying to block funds for user: 689be7b8-5d2b-41b9-a8e8-f366d9f0b655"}
{"error":"Cast to number failed for value \"undefined\" (type undefined) at path \"blocked_amount\"","level":"error","message":"Error blocking account amount for user: 689be7b8-5d2b-41b9-a8e8-f366d9f0b655"}
{"level":"error","message":"Error adding user with a_NPu5cfd_IPKfz2AAAB and username Amarnath Bhakat to matchmaking queue: Error: A server error occurred while trying to block funds for user: 689be7b8-5d2b-41b9-a8e8-f366d9f0b655"}
{"error":"Cast to number failed for value \"undefined\" (type undefined) at path \"blocked_amount\"","level":"error","message":"Error blocking account amount for user: 689be7b8-5d2b-41b9-a8e8-f366d9f0b655"}
{"level":"error","message":"Error adding user with 1n7SV2aEy_Ncuv4uAAAG and username Amarnath Bhakat to matchmaking queue: Error: A server error occurred while trying to block funds for user: 689be7b8-5d2b-41b9-a8e8-f366d9f0b655"}
{"error":"Cast to number failed for value \"undefined\" (type undefined) at path \"blocked_amount\"","level":"error","message":"Error blocking account amount for user: 689be7b8-5d2b-41b9-a8e8-f366d9f0b655"}
{"level":"error","message":"Error adding user with -4RVcMd2aVZa82tCAAAD and username Amarnath Bhakat to matchmaking queue: Error: A server error occurred while trying to block funds for user: 689be7b8-5d2b-41b9-a8e8-f366d9f0b655"}
{"error":"Cast to number failed for value \"undefined\" (type undefined) at path \"blocked_amount\"","level":"error","message":"Error blocking account amount for user: 689be7b8-5d2b-41b9-a8e8-f366d9f0b655"}
{"level":"error","message":"Error adding user with -4RVcMd2aVZa82tCAAAD and username Amarnath Bhakat to matchmaking queue: Error: A server error occurred while trying to block funds for user: 689be7b8-5d2b-41b9-a8e8-f366d9f0b655"}
{"level":"error","message":"Matchmaking request for user 689be7b8-5d2b-41b9-a8e8-f366d9f0b655 is missing 'game_type'. Aborting match find."}
{"level":"error","message":"Error in finding match for Amarnath Bhakat: TypeError: Cannot read properties of undefined (reading 'user_id')"}
{"level":"error","message":"Error in finding match for Amarnath Bhakat: TypeError: Cannot read properties of undefined (reading 'user_id')"}
{"level":"error","message":"Player 2 (9_QOz1gBzdVhs3iOAAAB) disconnected after match. Informing player 1."}
{"level":"error","message":"Error creating new game: ValidationError: game_result: Path `game_result` is required."}
{"level":"error","message":"Error adding user with F6scwGKwtFQqKopnAAAD and username Amarnath Bhakat to matchmaking queue: Error: Error creating new game: ValidationError: game_result: Path `game_result` is required."}
{"level":"error","message":"Game object not found for 689be7b8-5d2b-41b9-a8e8-f366d9f0b655 and 689be7b8-5d2b-41b9-a8e8-f366d9f0b655"}
{"level":"error","message":"Error in RealtimeMatchmaking findMatch for user 41b340b2-fcb6-411a-9689-319cd8ac18c5: Cannot read properties of undefined (reading 'toString')","stack":"TypeError: Cannot read properties of undefined (reading 'toString')\n    at RealtimeMatchmaking.findMatch (/Users/mab/Desktop/paychess.com/chesspay-be/src/worker/matchmaking/realtime.matchmaking.worker.ts:72:36)\n    at GameService.matchMakingRealTime (/Users/mab/Desktop/paychess.com/chesspay-be/src/internal/service/game.service.ts:276:149)\n    at processTicksAndRejections (node:internal/process/task_queues:105:5)\n    at async Socket.<anonymous> (/Users/mab/Desktop/paychess.com/chesspay-be/src/internal/socket/socket.handler.ts:202:39)"}
{"level":"error","message":"Error in RealtimeMatchmaking findMatch for user 41b340b2-fcb6-411a-9689-319cd8ac18c5: Cannot read properties of undefined (reading 'toString')","stack":"TypeError: Cannot read properties of undefined (reading 'toString')\n    at RealtimeMatchmaking.findMatch (/Users/mab/Desktop/paychess.com/chesspay-be/src/worker/matchmaking/realtime.matchmaking.worker.ts:72:36)\n    at GameService.matchMakingRealTime (/Users/mab/Desktop/paychess.com/chesspay-be/src/internal/service/game.service.ts:276:149)\n    at processTicksAndRejections (node:internal/process/task_queues:105:5)\n    at async Socket.<anonymous> (/Users/mab/Desktop/paychess.com/chesspay-be/src/internal/socket/socket.handler.ts:202:39)"}
{"level":"error","message":"Error in RealtimeMatchmaking findMatch for user 41b340b2-fcb6-411a-9689-319cd8ac18c5: Cannot read properties of undefined (reading 'toString')","stack":"TypeError: Cannot read properties of undefined (reading 'toString')\n    at RealtimeMatchmaking.findMatch (/Users/mab/Desktop/paychess.com/chesspay-be/src/worker/matchmaking/realtime.matchmaking.worker.ts:72:36)\n    at GameService.matchMakingRealTime (/Users/mab/Desktop/paychess.com/chesspay-be/src/internal/service/game.service.ts:276:149)\n    at processTicksAndRejections (node:internal/process/task_queues:105:5)\n    at async Socket.<anonymous> (/Users/mab/Desktop/paychess.com/chesspay-be/src/internal/socket/socket.handler.ts:202:39)"}
{"level":"error","message":"Error in RealtimeMatchmaking findMatch for user 41b340b2-fcb6-411a-9689-319cd8ac18c5: Cannot read properties of undefined (reading 'toString')","stack":"TypeError: Cannot read properties of undefined (reading 'toString')\n    at RealtimeMatchmaking.findMatch (/Users/mab/Desktop/paychess.com/chesspay-be/src/worker/matchmaking/realtime.matchmaking.worker.ts:72:36)\n    at GameService.matchMakingRealTime (/Users/mab/Desktop/paychess.com/chesspay-be/src/internal/service/game.service.ts:276:149)\n    at processTicksAndRejections (node:internal/process/task_queues:105:5)\n    at async Socket.<anonymous> (/Users/mab/Desktop/paychess.com/chesspay-be/src/internal/socket/socket.handler.ts:202:39)"}
{"level":"error","message":"Error in RealtimeMatchmaking findMatch for user 41b340b2-fcb6-411a-9689-319cd8ac18c5: Cannot read properties of undefined (reading 'toString')","stack":"TypeError: Cannot read properties of undefined (reading 'toString')\n    at RealtimeMatchmaking.findMatch (/Users/mab/Desktop/paychess.com/chesspay-be/src/worker/matchmaking/realtime.matchmaking.worker.ts:72:36)\n    at GameService.matchMakingRealTime (/Users/mab/Desktop/paychess.com/chesspay-be/src/internal/service/game.service.ts:276:149)\n    at processTicksAndRejections (node:internal/process/task_queues:105:5)\n    at async Socket.<anonymous> (/Users/mab/Desktop/paychess.com/chesspay-be/src/internal/socket/socket.handler.ts:202:39)"}
{"level":"error","message":"Error in RealtimeMatchmaking findMatch for user 41b340b2-fcb6-411a-9689-319cd8ac18c5: Cannot read properties of undefined (reading 'toString')","stack":"TypeError: Cannot read properties of undefined (reading 'toString')\n    at RealtimeMatchmaking.findMatch (/Users/mab/Desktop/paychess.com/chesspay-be/src/worker/matchmaking/realtime.matchmaking.worker.ts:72:36)\n    at GameService.matchMakingRealTime (/Users/mab/Desktop/paychess.com/chesspay-be/src/internal/service/game.service.ts:276:149)\n    at processTicksAndRejections (node:internal/process/task_queues:105:5)\n    at async Socket.<anonymous> (/Users/mab/Desktop/paychess.com/chesspay-be/src/internal/socket/socket.handler.ts:202:39)"}
{"level":"error","message":"Player 2 (xsziYapf3KE6e7SAAAAf) disconnected after match. Informing player 1."}
{"level":"error","message":"Error in RealtimeMatchmaking findMatch for user 41b340b2-fcb6-411a-9689-319cd8ac18c5: Cannot read properties of undefined (reading 'toString')","stack":"TypeError: Cannot read properties of undefined (reading 'toString')\n    at RealtimeMatchmaking.findMatch (/Users/mab/Desktop/paychess.com/chesspay-be/src/worker/matchmaking/realtime.matchmaking.worker.ts:72:36)\n    at GameService.matchMakingRealTime (/Users/mab/Desktop/paychess.com/chesspay-be/src/internal/service/game.service.ts:276:149)\n    at processTicksAndRejections (node:internal/process/task_queues:105:5)\n    at async Socket.<anonymous> (/Users/mab/Desktop/paychess.com/chesspay-be/src/internal/socket/socket.handler.ts:202:39)"}
{"level":"error","message":"Error in RealtimeMatchmaking findMatch for user 41b340b2-fcb6-411a-9689-319cd8ac18c5: Cannot read properties of undefined (reading 'toString')","stack":"TypeError: Cannot read properties of undefined (reading 'toString')\n    at RealtimeMatchmaking.findMatch (/Users/mab/Desktop/paychess.com/chesspay-be/src/worker/matchmaking/realtime.matchmaking.worker.ts:72:36)\n    at GameService.matchMakingRealTime (/Users/mab/Desktop/paychess.com/chesspay-be/src/internal/service/game.service.ts:276:149)\n    at processTicksAndRejections (node:internal/process/task_queues:105:5)\n    at async Socket.<anonymous> (/Users/mab/Desktop/paychess.com/chesspay-be/src/internal/socket/socket.handler.ts:202:39)"}
{"level":"error","message":"Error in RealtimeMatchmaking findMatch for user 41b340b2-fcb6-411a-9689-319cd8ac18c5: Cannot read properties of undefined (reading 'toString')","stack":"TypeError: Cannot read properties of undefined (reading 'toString')\n    at RealtimeMatchmaking.findMatch (/Users/mab/Desktop/paychess.com/chesspay-be/src/worker/matchmaking/realtime.matchmaking.worker.ts:72:36)\n    at GameService.matchMakingRealTime (/Users/mab/Desktop/paychess.com/chesspay-be/src/internal/service/game.service.ts:276:149)\n    at processTicksAndRejections (node:internal/process/task_queues:105:5)\n    at async Socket.<anonymous> (/Users/mab/Desktop/paychess.com/chesspay-be/src/internal/socket/socket.handler.ts:202:39)"}
{"level":"error","message":"Error in RealtimeMatchmaking findMatch for user 41b340b2-fcb6-411a-9689-319cd8ac18c5: Cannot read properties of undefined (reading 'toString')","stack":"TypeError: Cannot read properties of undefined (reading 'toString')\n    at RealtimeMatchmaking.findMatch (/Users/mab/Desktop/paychess.com/chesspay-be/src/worker/matchmaking/realtime.matchmaking.worker.ts:72:36)\n    at GameService.matchMakingRealTime (/Users/mab/Desktop/paychess.com/chesspay-be/src/internal/service/game.service.ts:276:149)\n    at processTicksAndRejections (node:internal/process/task_queues:105:5)\n    at async Socket.<anonymous> (/Users/mab/Desktop/paychess.com/chesspay-be/src/internal/socket/socket.handler.ts:202:39)"}
{"level":"error","message":"Error in RealtimeMatchmaking findMatch for user 41b340b2-fcb6-411a-9689-319cd8ac18c5: Cannot read properties of undefined (reading 'toString')","stack":"TypeError: Cannot read properties of undefined (reading 'toString')\n    at RealtimeMatchmaking.findMatch (/Users/mab/Desktop/paychess.com/chesspay-be/src/worker/matchmaking/realtime.matchmaking.worker.ts:72:36)\n    at GameService.matchMakingRealTime (/Users/mab/Desktop/paychess.com/chesspay-be/src/internal/service/game.service.ts:276:149)\n    at processTicksAndRejections (node:internal/process/task_queues:105:5)\n    at async Socket.<anonymous> (/Users/mab/Desktop/paychess.com/chesspay-be/src/internal/socket/socket.handler.ts:202:39)"}
{"level":"error","message":"Error in RealtimeMatchmaking findMatch for user 41b340b2-fcb6-411a-9689-319cd8ac18c5: Cannot read properties of undefined (reading 'toString')","stack":"TypeError: Cannot read properties of undefined (reading 'toString')\n    at RealtimeMatchmaking.findMatch (/Users/mab/Desktop/paychess.com/chesspay-be/src/worker/matchmaking/realtime.matchmaking.worker.ts:72:36)\n    at GameService.matchMakingRealTime (/Users/mab/Desktop/paychess.com/chesspay-be/src/internal/service/game.service.ts:276:149)\n    at processTicksAndRejections (node:internal/process/task_queues:105:5)\n    at async Socket.<anonymous> (/Users/mab/Desktop/paychess.com/chesspay-be/src/internal/socket/socket.handler.ts:202:39)"}
{"level":"error","message":"Error in RealtimeMatchmaking findMatch for user 689be7b8-5d2b-41b9-a8e8-f366d9f0b655: Cannot read properties of undefined (reading 'toString')","stack":"TypeError: Cannot read properties of undefined (reading 'toString')\n    at RealtimeMatchmaking.findMatch (/Users/mab/Desktop/paychess.com/chesspay-be/src/worker/matchmaking/realtime.matchmaking.worker.ts:72:36)\n    at GameService.matchMakingRealTime (/Users/mab/Desktop/paychess.com/chesspay-be/src/internal/service/game.service.ts:276:149)\n    at processTicksAndRejections (node:internal/process/task_queues:105:5)\n    at async Socket.<anonymous> (/Users/mab/Desktop/paychess.com/chesspay-be/src/internal/socket/socket.handler.ts:202:39)"}
{"level":"error","message":"Could not close connections in time, forcing shutdown."}
{"level":"error","message":"Game object not found for 689be7b8-5d2b-41b9-a8e8-f366d9f0b655 and 41b340b2-fcb6-411a-9689-319cd8ac18c5"}
{"level":"error","message":"Error fetching game details: Error: Error fetching game details"}
{"level":"error","message":"Error in creating and joining room for players 689be7b8-5d2b-41b9-a8e8-f366d9f0b655 and 41b340b2-fcb6-411a-9689-319cd8ac18c5: Error: Error fetching game details: Error: Error fetching game details"}
{"level":"error","message":"Error fetching game details: Error: Error fetching game details"}
{"level":"error","message":"Error in creating and joining room for players 689be7b8-5d2b-41b9-a8e8-f366d9f0b655 and 41b340b2-fcb6-411a-9689-319cd8ac18c5: Error: Error fetching game details: Error: Error fetching game details"}
{"level":"error","message":"Could not close connections in time, forcing shutdown."}
{"level":"error","message":"Could not close connections in time, forcing shutdown."}
{"level":"error","message":"Could not close connections in time, forcing shutdown."}
{"level":"error","message":"Game object not found for 689be7b8-5d2b-41b9-a8e8-f366d9f0b655 and 41b340b2-fcb6-411a-9689-319cd8ac18c5"}
{"level":"error","message":"Could not close connections in time, forcing shutdown."}
